# JRE version: OpenJDK Runtime Environment Temurin-21.0.9+10 (21.0.9+10) (build 21.0.9+10-LTS)
# Java VM: OpenJDK 64-Bit Server VM Temurin-21.0.9+10 (21.0.9+10-LTS, mixed mode, sharing, tiered, compressed oops, compressed class ptrs, parallel gc, windows-amd64)
GC Precious Log:
 CardTable entry size: 512
 CPUs: 12 total, 12 available
 Memory: 16181M
 Large Page Support: Disabled
 NUMA Support: Disabled
 Compressed Oops: Enabled (32-bit)
 Alignments: Space 512K, Generation 512K, Heap 2M
 Heap Min Capacity: 100M
 Heap Initial Capacity: 100M
 Heap Max Capacity: 2G
 Pre-touch: Disabled
 Parallel Workers: 10
Heap:
 PSYoungGen      total 56832K, used 3070K [0x00000000d5580000, 0x00000000d9000000, 0x0000000100000000)
  eden space 53760K, 0% used [0x00000000d5580000,0x00000000d5580000,0x00000000d8a00000)
  from space 3072K, 99% used [0x00000000d8a00000,0x00000000d8cffb08,0x00000000d8d00000)
  to   space 1024K, 0% used [0x00000000d8d00000,0x00000000d8d00000,0x00000000d8e00000)
 ParOldGen       total 131072K, used 130606K [0x0000000080000000, 0x0000000088000000, 0x00000000d5580000)
  object space 131072K, 99% used [0x0000000080000000,0x0000000087f8bad8,0x0000000088000000)
 Metaspace       used 75537K, committed 77248K, reserved 1179648K
  class space    used 8055K, committed 8832K, reserved 1048576K
GC Heap History (20 events):
Event: 47.041 GC heap before
{Heap before GC invocations=820 (full 5):
 PSYoungGen      total 43520K, used 43492K [0x00000000d5580000, 0x00000000d8c80000, 0x0000000100000000)
  eden space 40448K, 100% used [0x00000000d5580000,0x00000000d7d00000,0x00000000d7d00000)
  from space 3072K, 99% used [0x00000000d8280000,0x00000000d8579028,0x00000000d8580000)
  to   space 5632K, 0% used [0x00000000d7d00000,0x00000000d7d00000,0x00000000d8280000)
 ParOldGen       total 122368K, used 122058K [0x0000000080000000, 0x0000000087780000, 0x00000000d5580000)
  object space 122368K, 99% used [0x0000000080000000,0x0000000087732a08,0x0000000087780000)
 Metaspace       used 75504K, committed 77184K, reserved 1179648K
  class space    used 8054K, committed 8832K, reserved 1048576K
}
Event: 47.043 GC heap after
{Heap after GC invocations=820 (full 5):
 PSYoungGen      total 46080K, used 4733K [0x00000000d5580000, 0x00000000d8c00000, 0x0000000100000000)
  eden space 40448K, 0% used [0x00000000d5580000,0x00000000d5580000,0x00000000d7d00000)
  from space 5632K, 84% used [0x00000000d7d00000,0x00000000d819f440,0x00000000d8280000)
  to   space 5120K, 0% used [0x00000000d8700000,0x00000000d8700000,0x00000000d8c00000)
 ParOldGen       total 122368K, used 122215K [0x0000000080000000, 0x0000000087780000, 0x00000000d5580000)
  object space 122368K, 99% used [0x0000000080000000,0x0000000087759e88,0x0000000087780000)
 Metaspace       used 75504K, committed 77184K, reserved 1179648K
  class space    used 8054K, committed 8832K, reserved 1048576K
}
Event: 47.057 GC heap before
{Heap before GC invocations=821 (full 5):
 PSYoungGen      total 46080K, used 44587K [0x00000000d5580000, 0x00000000d8c00000, 0x0000000100000000)
  eden space 40448K, 98% used [0x00000000d5580000,0x00000000d7c6baa0,0x00000000d7d00000)
  from space 5632K, 84% used [0x00000000d7d00000,0x00000000d819f440,0x00000000d8280000)
  to   space 5120K, 0% used [0x00000000d8700000,0x00000000d8700000,0x00000000d8c00000)
 ParOldGen       total 122368K, used 122215K [0x0000000080000000, 0x0000000087780000, 0x00000000d5580000)
  object space 122368K, 99% used [0x0000000080000000,0x0000000087759e88,0x0000000087780000)
 Metaspace       used 75504K, committed 77184K, reserved 1179648K
  class space    used 8054K, committed 8832K, reserved 1048576K
}
Event: 47.059 GC heap after
{Heap after GC invocations=821 (full 5):
 PSYoungGen      total 48640K, used 2928K [0x00000000d5580000, 0x00000000d8a00000, 0x0000000100000000)
  eden space 45568K, 0% used [0x00000000d5580000,0x00000000d5580000,0x00000000d8200000)
  from space 3072K, 95% used [0x00000000d8700000,0x00000000d89dc310,0x00000000d8a00000)
  to   space 4096K, 0% used [0x00000000d8200000,0x00000000d8200000,0x00000000d8600000)
 ParOldGen       total 124416K, used 124121K [0x0000000080000000, 0x0000000087980000, 0x00000000d5580000)
  object space 124416K, 99% used [0x0000000080000000,0x0000000087936798,0x0000000087980000)
 Metaspace       used 75504K, committed 77184K, reserved 1179648K
  class space    used 8054K, committed 8832K, reserved 1048576K
}
Event: 47.077 GC heap before
{Heap before GC invocations=822 (full 5):
 PSYoungGen      total 48640K, used 48496K [0x00000000d5580000, 0x00000000d8a00000, 0x0000000100000000)
  eden space 45568K, 100% used [0x00000000d5580000,0x00000000d8200000,0x00000000d8200000)
  from space 3072K, 95% used [0x00000000d8700000,0x00000000d89dc310,0x00000000d8a00000)
  to   space 4096K, 0% used [0x00000000d8200000,0x00000000d8200000,0x00000000d8600000)
 ParOldGen       total 124416K, used 124121K [0x0000000080000000, 0x0000000087980000, 0x00000000d5580000)
  object space 124416K, 99% used [0x0000000080000000,0x0000000087936798,0x0000000087980000)
 Metaspace       used 75509K, committed 77248K, reserved 1179648K
  class space    used 8054K, committed 8832K, reserved 1048576K
}
Event: 47.078 GC heap after
{Heap after GC invocations=822 (full 5):
 PSYoungGen      total 49664K, used 3967K [0x00000000d5580000, 0x00000000d9000000, 0x0000000100000000)
  eden space 45568K, 0% used [0x00000000d5580000,0x00000000d5580000,0x00000000d8200000)
  from space 4096K, 96% used [0x00000000d8200000,0x00000000d85dfd38,0x00000000d8600000)
  to   space 4608K, 0% used [0x00000000d8b80000,0x00000000d8b80000,0x00000000d9000000)
 ParOldGen       total 124416K, used 124135K [0x0000000080000000, 0x0000000087980000, 0x00000000d5580000)
  object space 124416K, 99% used [0x0000000080000000,0x0000000087939ce8,0x0000000087980000)
 Metaspace       used 75509K, committed 77248K, reserved 1179648K
  class space    used 8054K, committed 8832K, reserved 1048576K
}
Event: 47.122 GC heap before
{Heap before GC invocations=823 (full 5):
 PSYoungGen      total 49664K, used 49287K [0x00000000d5580000, 0x00000000d9000000, 0x0000000100000000)
  eden space 45568K, 99% used [0x00000000d5580000,0x00000000d81c1f18,0x00000000d8200000)
  from space 4096K, 96% used [0x00000000d8200000,0x00000000d85dfd38,0x00000000d8600000)
  to   space 4608K, 0% used [0x00000000d8b80000,0x00000000d8b80000,0x00000000d9000000)
 ParOldGen       total 124416K, used 124135K [0x0000000080000000, 0x0000000087980000, 0x00000000d5580000)
  object space 124416K, 99% used [0x0000000080000000,0x0000000087939ce8,0x0000000087980000)
 Metaspace       used 75527K, committed 77248K, reserved 1179648K
  class space    used 8054K, committed 8832K, reserved 1048576K
}
Event: 47.123 GC heap after
{Heap after GC invocations=823 (full 5):
 PSYoungGen      total 53248K, used 2664K [0x00000000d5580000, 0x00000000d8e80000, 0x0000000100000000)
  eden space 50176K, 0% used [0x00000000d5580000,0x00000000d5580000,0x00000000d8680000)
  from space 3072K, 86% used [0x00000000d8b80000,0x00000000d8e1a3c8,0x00000000d8e80000)
  to   space 3584K, 0% used [0x00000000d8780000,0x00000000d8780000,0x00000000d8b00000)
 ParOldGen       total 124416K, used 124175K [0x0000000080000000, 0x0000000087980000, 0x00000000d5580000)
  object space 124416K, 99% used [0x0000000080000000,0x0000000087943ce8,0x0000000087980000)
 Metaspace       used 75527K, committed 77248K, reserved 1179648K
  class space    used 8054K, committed 8832K, reserved 1048576K
}
Event: 47.164 GC heap before
{Heap before GC invocations=824 (full 5):
 PSYoungGen      total 53248K, used 52282K [0x00000000d5580000, 0x00000000d8e80000, 0x0000000100000000)
  eden space 50176K, 98% used [0x00000000d5580000,0x00000000d85f4628,0x00000000d8680000)
  from space 3072K, 86% used [0x00000000d8b80000,0x00000000d8e1a3c8,0x00000000d8e80000)
  to   space 3584K, 0% used [0x00000000d8780000,0x00000000d8780000,0x00000000d8b00000)
 ParOldGen       total 124416K, used 124175K [0x0000000080000000, 0x0000000087980000, 0x00000000d5580000)
  object space 124416K, 99% used [0x0000000080000000,0x0000000087943ce8,0x0000000087980000)
 Metaspace       used 75527K, committed 77248K, reserved 1179648K
  class space    used 8054K, committed 8832K, reserved 1048576K
}
Event: 47.164 GC heap after
{Heap after GC invocations=824 (full 5):
 PSYoungGen      total 54784K, used 2502K [0x00000000d5580000, 0x00000000d9100000, 0x0000000100000000)
  eden space 51200K, 0% used [0x00000000d5580000,0x00000000d5580000,0x00000000d8780000)
  from space 3584K, 69% used [0x00000000d8780000,0x00000000d89f1898,0x00000000d8b00000)
  to   space 3072K, 0% used [0x00000000d8e00000,0x00000000d8e00000,0x00000000d9100000)
 ParOldGen       total 124416K, used 124255K [0x0000000080000000, 0x0000000087980000, 0x00000000d5580000)
  object space 124416K, 99% used [0x0000000080000000,0x0000000087957cf8,0x0000000087980000)
 Metaspace       used 75527K, committed 77248K, reserved 1179648K
  class space    used 8054K, committed 8832K, reserved 1048576K
}
Event: 47.208 GC heap before
{Heap before GC invocations=825 (full 5):
 PSYoungGen      total 54784K, used 53391K [0x00000000d5580000, 0x00000000d9100000, 0x0000000100000000)
  eden space 51200K, 99% used [0x00000000d5580000,0x00000000d87323f0,0x00000000d8780000)
  from space 3584K, 69% used [0x00000000d8780000,0x00000000d89f1898,0x00000000d8b00000)
  to   space 3072K, 0% used [0x00000000d8e00000,0x00000000d8e00000,0x00000000d9100000)
 ParOldGen       total 124416K, used 124255K [0x0000000080000000, 0x0000000087980000, 0x00000000d5580000)
  object space 124416K, 99% used [0x0000000080000000,0x0000000087957cf8,0x0000000087980000)
 Metaspace       used 75528K, committed 77248K, reserved 1179648K
  class space    used 8054K, committed 8832K, reserved 1048576K
}
Event: 47.209 GC heap after
{Heap after GC invocations=825 (full 5):
 PSYoungGen      total 50176K, used 352K [0x00000000d5580000, 0x00000000d8e80000, 0x0000000100000000)
  eden space 49664K, 0% used [0x00000000d5580000,0x00000000d5580000,0x00000000d8600000)
  from space 512K, 68% used [0x00000000d8e00000,0x00000000d8e58000,0x00000000d8e80000)
  to   space 1536K, 0% used [0x00000000d8b80000,0x00000000d8b80000,0x00000000d8d00000)
 ParOldGen       total 124416K, used 124263K [0x0000000080000000, 0x0000000087980000, 0x00000000d5580000)
  object space 124416K, 99% used [0x0000000080000000,0x0000000087959cf8,0x0000000087980000)
 Metaspace       used 75528K, committed 77248K, reserved 1179648K
  class space    used 8054K, committed 8832K, reserved 1048576K
}
Event: 47.240 GC heap before
{Heap before GC invocations=826 (full 5):
 PSYoungGen      total 50176K, used 49282K [0x00000000d5580000, 0x00000000d8e80000, 0x0000000100000000)
  eden space 49664K, 98% used [0x00000000d5580000,0x00000000d8548968,0x00000000d8600000)
  from space 512K, 68% used [0x00000000d8e00000,0x00000000d8e58000,0x00000000d8e80000)
  to   space 1536K, 0% used [0x00000000d8b80000,0x00000000d8b80000,0x00000000d8d00000)
 ParOldGen       total 124416K, used 124263K [0x0000000080000000, 0x0000000087980000, 0x00000000d5580000)
  object space 124416K, 99% used [0x0000000080000000,0x0000000087959cf8,0x0000000087980000)
 Metaspace       used 75528K, committed 77248K, reserved 1179648K
  class space    used 8054K, committed 8832K, reserved 1048576K
}
Event: 47.241 GC heap after
{Heap after GC invocations=826 (full 5):
 PSYoungGen      total 50176K, used 1130K [0x00000000d5580000, 0x00000000d8e80000, 0x0000000100000000)
  eden space 48640K, 0% used [0x00000000d5580000,0x00000000d5580000,0x00000000d8500000)
  from space 1536K, 73% used [0x00000000d8b80000,0x00000000d8c9a8c0,0x00000000d8d00000)
  to   space 1536K, 0% used [0x00000000d8d00000,0x00000000d8d00000,0x00000000d8e80000)
 ParOldGen       total 125952K, used 125766K [0x0000000080000000, 0x0000000087b00000, 0x00000000d5580000)
  object space 125952K, 99% used [0x0000000080000000,0x0000000087ad1800,0x0000000087b00000)
 Metaspace       used 75528K, committed 77248K, reserved 1179648K
  class space    used 8054K, committed 8832K, reserved 1048576K
}
Event: 48.268 GC heap before
{Heap before GC invocations=827 (full 5):
 PSYoungGen      total 50176K, used 49551K [0x00000000d5580000, 0x00000000d8e80000, 0x0000000100000000)
  eden space 48640K, 99% used [0x00000000d5580000,0x00000000d84c96a0,0x00000000d8500000)
  from space 1536K, 73% used [0x00000000d8b80000,0x00000000d8c9a8c0,0x00000000d8d00000)
  to   space 1536K, 0% used [0x00000000d8d00000,0x00000000d8d00000,0x00000000d8e80000)
 ParOldGen       total 125952K, used 125766K [0x0000000080000000, 0x0000000087b00000, 0x00000000d5580000)
  object space 125952K, 99% used [0x0000000080000000,0x0000000087ad1800,0x0000000087b00000)
 Metaspace       used 75534K, committed 77248K, reserved 1179648K
  class space    used 8055K, committed 8832K, reserved 1048576K
}
Event: 48.269 GC heap after
{Heap after GC invocations=827 (full 5):
 PSYoungGen      total 48640K, used 768K [0x00000000d5580000, 0x00000000d8e00000, 0x0000000100000000)
  eden space 47616K, 0% used [0x00000000d5580000,0x00000000d5580000,0x00000000d8400000)
  from space 1024K, 75% used [0x00000000d8d00000,0x00000000d8dc0000,0x00000000d8e00000)
  to   space 1024K, 0% used [0x00000000d8c00000,0x00000000d8c00000,0x00000000d8d00000)
 ParOldGen       total 125952K, used 125766K [0x0000000080000000, 0x0000000087b00000, 0x00000000d5580000)
  object space 125952K, 99% used [0x0000000080000000,0x0000000087ad1800,0x0000000087b00000)
 Metaspace       used 75534K, committed 77248K, reserved 1179648K
  class space    used 8055K, committed 8832K, reserved 1048576K
}
Event: 48.284 GC heap before
{Heap before GC invocations=828 (full 5):
 PSYoungGen      total 48640K, used 48260K [0x00000000d5580000, 0x00000000d8e00000, 0x0000000100000000)
  eden space 47616K, 99% used [0x00000000d5580000,0x00000000d83e1248,0x00000000d8400000)
  from space 1024K, 75% used [0x00000000d8d00000,0x00000000d8dc0000,0x00000000d8e00000)
  to   space 1024K, 0% used [0x00000000d8c00000,0x00000000d8c00000,0x00000000d8d00000)
 ParOldGen       total 125952K, used 125766K [0x0000000080000000, 0x0000000087b00000, 0x00000000d5580000)
  object space 125952K, 99% used [0x0000000080000000,0x0000000087ad1800,0x0000000087b00000)
 Metaspace       used 75535K, committed 77248K, reserved 1179648K
  class space    used 8055K, committed 8832K, reserved 1048576K
}
Event: 51.293 GC heap after
{Heap after GC invocations=828 (full 5):
 PSYoungGen      total 48640K, used 1008K [0x00000000d5580000, 0x00000000d8e00000, 0x0000000100000000)
  eden space 47616K, 0% used [0x00000000d5580000,0x00000000d5580000,0x00000000d8400000)
  from space 1024K, 98% used [0x00000000d8c00000,0x00000000d8cfc290,0x00000000d8d00000)
  to   space 1024K, 0% used [0x00000000d8d00000,0x00000000d8d00000,0x00000000d8e00000)
 ParOldGen       total 129024K, used 128522K [0x0000000080000000, 0x0000000087e00000, 0x00000000d5580000)
  object space 129024K, 99% used [0x0000000080000000,0x0000000087d82888,0x0000000087e00000)
 Metaspace       used 75535K, committed 77248K, reserved 1179648K
  class space    used 8055K, committed 8832K, reserved 1048576K
}
Event: 51.311 GC heap before
{Heap before GC invocations=829 (full 5):
 PSYoungGen      total 48640K, used 48027K [0x00000000d5580000, 0x00000000d8e00000, 0x0000000100000000)
  eden space 47616K, 98% used [0x00000000d5580000,0x00000000d836a9f8,0x00000000d8400000)
  from space 1024K, 98% used [0x00000000d8c00000,0x00000000d8cfc290,0x00000000d8d00000)
  to   space 1024K, 0% used [0x00000000d8d00000,0x00000000d8d00000,0x00000000d8e00000)
 ParOldGen       total 129024K, used 128522K [0x0000000080000000, 0x0000000087e00000, 0x00000000d5580000)
  object space 129024K, 99% used [0x0000000080000000,0x0000000087d82888,0x0000000087e00000)
 Metaspace       used 75537K, committed 77248K, reserved 1179648K
  class space    used 8055K, committed 8832K, reserved 1048576K
}
Event: 51.312 GC heap after
{Heap after GC invocations=829 (full 5):
 PSYoungGen      total 54784K, used 1024K [0x00000000d5580000, 0x00000000d9000000, 0x0000000100000000)
  eden space 53760K, 0% used [0x00000000d5580000,0x00000000d5580000,0x00000000d8a00000)
  from space 1024K, 100% used [0x00000000d8d00000,0x00000000d8e00000,0x00000000d8e00000)
  to   space 3072K, 0% used [0x00000000d8a00000,0x00000000d8a00000,0x00000000d8d00000)
 ParOldGen       total 130048K, used 129591K [0x0000000080000000, 0x0000000087f00000, 0x00000000d5580000)
  object space 130048K, 99% used [0x0000000080000000,0x0000000087e8dd48,0x0000000087f00000)
 Metaspace       used 75537K, committed 77248K, reserved 1179648K
  class space    used 8055K, committed 8832K, reserved 1048576K
}

