# JRE version: OpenJDK Runtime Environment Temurin-21.0.9+10 (21.0.9+10) (build 21.0.9+10-LTS)
# Java VM: OpenJDK 64-Bit Server VM Temurin-21.0.9+10 (21.0.9+10-LTS, mixed mode, sharing, tiered, compressed oops, compressed class ptrs, parallel gc, windows-amd64)
GC Precious Log:
 CardTable entry size: 512
 CPUs: 12 total, 12 available
 Memory: 16181M
 Large Page Support: Disabled
 NUMA Support: Disabled
 Compressed Oops: Enabled (32-bit)
 Alignments: Space 512K, Generation 512K, Heap 2M
 Heap Min Capacity: 100M
 Heap Initial Capacity: 100M
 Heap Max Capacity: 2G
 Pre-touch: Disabled
 Parallel Workers: 10
Heap:
 PSYoungGen      total 4608K, used 605K [0x00000000d5580000, 0x00000000d5b00000, 0x0000000100000000)
  eden space 4096K, 6% used [0x00000000d5580000,0x00000000d55c7428,0x00000000d5980000)
  from space 512K, 62% used [0x00000000d5a00000,0x00000000d5a50000,0x00000000d5a80000)
  to   space 512K, 0% used [0x00000000d5a80000,0x00000000d5a80000,0x00000000d5b00000)
 ParOldGen       total 420352K, used 419934K [0x0000000080000000, 0x0000000099a80000, 0x00000000d5580000)
  object space 420352K, 99% used [0x0000000080000000,0x0000000099a178f8,0x0000000099a80000)
 Metaspace       used 72964K, committed 74560K, reserved 1179648K
  class space    used 7752K, committed 8448K, reserved 1048576K
GC Heap History (20 events):
Event: 68.386 GC heap before
{Heap before GC invocations=791 (full 3):
 PSYoungGen      total 5120K, used 4356K [0x00000000d5580000, 0x00000000d5b00000, 0x0000000100000000)
  eden space 4096K, 99% used [0x00000000d5580000,0x00000000d597fff0,0x00000000d5980000)
  from space 1024K, 25% used [0x00000000d5980000,0x00000000d59c1210,0x00000000d5a80000)
  to   space 512K, 0% used [0x00000000d5a80000,0x00000000d5a80000,0x00000000d5b00000)
 ParOldGen       total 411136K, used 403034K [0x0000000080000000, 0x0000000099180000, 0x00000000d5580000)
  object space 411136K, 98% used [0x0000000080000000,0x0000000098996ab0,0x0000000099180000)
 Metaspace       used 72025K, committed 73600K, reserved 1114112K
  class space    used 7648K, committed 8320K, reserved 1048576K
}
Event: 68.387 GC heap after
{Heap after GC invocations=791 (full 3):
 PSYoungGen      total 4608K, used 432K [0x00000000d5580000, 0x00000000d5b00000, 0x0000000100000000)
  eden space 4096K, 0% used [0x00000000d5580000,0x00000000d5580000,0x00000000d5980000)
  from space 512K, 84% used [0x00000000d5a80000,0x00000000d5aec030,0x00000000d5b00000)
  to   space 512K, 0% used [0x00000000d5a00000,0x00000000d5a00000,0x00000000d5a80000)
 ParOldGen       total 411136K, used 403108K [0x0000000080000000, 0x0000000099180000, 0x00000000d5580000)
  object space 411136K, 98% used [0x0000000080000000,0x00000000989a91e0,0x0000000099180000)
 Metaspace       used 72025K, committed 73600K, reserved 1114112K
  class space    used 7648K, committed 8320K, reserved 1048576K
}
Event: 69.072 GC heap before
{Heap before GC invocations=792 (full 3):
 PSYoungGen      total 4608K, used 4523K [0x00000000d5580000, 0x00000000d5b00000, 0x0000000100000000)
  eden space 4096K, 99% used [0x00000000d5580000,0x00000000d597efc8,0x00000000d5980000)
  from space 512K, 84% used [0x00000000d5a80000,0x00000000d5aec030,0x00000000d5b00000)
  to   space 512K, 0% used [0x00000000d5a00000,0x00000000d5a00000,0x00000000d5a80000)
 ParOldGen       total 411136K, used 403108K [0x0000000080000000, 0x0000000099180000, 0x00000000d5580000)
  object space 411136K, 98% used [0x0000000080000000,0x00000000989a91e0,0x0000000099180000)
 Metaspace       used 72095K, committed 73664K, reserved 1114112K
  class space    used 7654K, committed 8320K, reserved 1048576K
}
Event: 69.073 GC heap after
{Heap after GC invocations=792 (full 3):
 PSYoungGen      total 4608K, used 352K [0x00000000d5580000, 0x00000000d5b00000, 0x0000000100000000)
  eden space 4096K, 0% used [0x00000000d5580000,0x00000000d5580000,0x00000000d5980000)
  from space 512K, 68% used [0x00000000d5a00000,0x00000000d5a58000,0x00000000d5a80000)
  to   space 512K, 0% used [0x00000000d5a80000,0x00000000d5a80000,0x00000000d5b00000)
 ParOldGen       total 411136K, used 403403K [0x0000000080000000, 0x0000000099180000, 0x00000000d5580000)
  object space 411136K, 98% used [0x0000000080000000,0x00000000989f2fb0,0x0000000099180000)
 Metaspace       used 72095K, committed 73664K, reserved 1114112K
  class space    used 7654K, committed 8320K, reserved 1048576K
}
Event: 72.854 GC heap before
{Heap before GC invocations=793 (full 3):
 PSYoungGen      total 4608K, used 4448K [0x00000000d5580000, 0x00000000d5b00000, 0x0000000100000000)
  eden space 4096K, 100% used [0x00000000d5580000,0x00000000d5980000,0x00000000d5980000)
  from space 512K, 68% used [0x00000000d5a00000,0x00000000d5a58000,0x00000000d5a80000)
  to   space 512K, 0% used [0x00000000d5a80000,0x00000000d5a80000,0x00000000d5b00000)
 ParOldGen       total 411136K, used 403403K [0x0000000080000000, 0x0000000099180000, 0x00000000d5580000)
  object space 411136K, 98% used [0x0000000080000000,0x00000000989f2fb0,0x0000000099180000)
 Metaspace       used 72164K, committed 73792K, reserved 1114112K
  class space    used 7670K, committed 8384K, reserved 1048576K
}
Event: 72.855 GC heap after
{Heap after GC invocations=793 (full 3):
 PSYoungGen      total 4608K, used 384K [0x00000000d5580000, 0x00000000d5b00000, 0x0000000100000000)
  eden space 4096K, 0% used [0x00000000d5580000,0x00000000d5580000,0x00000000d5980000)
  from space 512K, 75% used [0x00000000d5a80000,0x00000000d5ae0020,0x00000000d5b00000)
  to   space 512K, 0% used [0x00000000d5a00000,0x00000000d5a00000,0x00000000d5a80000)
 ParOldGen       total 411136K, used 403627K [0x0000000080000000, 0x0000000099180000, 0x00000000d5580000)
  object space 411136K, 98% used [0x0000000080000000,0x0000000098a2afb0,0x0000000099180000)
 Metaspace       used 72164K, committed 73792K, reserved 1114112K
  class space    used 7670K, committed 8384K, reserved 1048576K
}
Event: 72.889 GC heap before
{Heap before GC invocations=794 (full 3):
 PSYoungGen      total 4608K, used 4480K [0x00000000d5580000, 0x00000000d5b00000, 0x0000000100000000)
  eden space 4096K, 100% used [0x00000000d5580000,0x00000000d5980000,0x00000000d5980000)
  from space 512K, 75% used [0x00000000d5a80000,0x00000000d5ae0020,0x00000000d5b00000)
  to   space 512K, 0% used [0x00000000d5a00000,0x00000000d5a00000,0x00000000d5a80000)
 ParOldGen       total 411136K, used 403627K [0x0000000080000000, 0x0000000099180000, 0x00000000d5580000)
  object space 411136K, 98% used [0x0000000080000000,0x0000000098a2afb0,0x0000000099180000)
 Metaspace       used 72269K, committed 73856K, reserved 1114112K
  class space    used 7681K, committed 8384K, reserved 1048576K
}
Event: 72.890 GC heap after
{Heap after GC invocations=794 (full 3):
 PSYoungGen      total 4608K, used 500K [0x00000000d5580000, 0x00000000d5b80000, 0x0000000100000000)
  eden space 4096K, 0% used [0x00000000d5580000,0x00000000d5580000,0x00000000d5980000)
  from space 512K, 97% used [0x00000000d5a00000,0x00000000d5a7d2e0,0x00000000d5a80000)
  to   space 1024K, 0% used [0x00000000d5a80000,0x00000000d5a80000,0x00000000d5b80000)
 ParOldGen       total 411136K, used 403771K [0x0000000080000000, 0x0000000099180000, 0x00000000d5580000)
  object space 411136K, 98% used [0x0000000080000000,0x0000000098a4efd0,0x0000000099180000)
 Metaspace       used 72269K, committed 73856K, reserved 1114112K
  class space    used 7681K, committed 8384K, reserved 1048576K
}
Event: 72.904 GC heap before
{Heap before GC invocations=795 (full 3):
 PSYoungGen      total 4608K, used 4587K [0x00000000d5580000, 0x00000000d5b80000, 0x0000000100000000)
  eden space 4096K, 99% used [0x00000000d5580000,0x00000000d597da90,0x00000000d5980000)
  from space 512K, 97% used [0x00000000d5a00000,0x00000000d5a7d2e0,0x00000000d5a80000)
  to   space 1024K, 0% used [0x00000000d5a80000,0x00000000d5a80000,0x00000000d5b80000)
 ParOldGen       total 411136K, used 403771K [0x0000000080000000, 0x0000000099180000, 0x00000000d5580000)
  object space 411136K, 98% used [0x0000000080000000,0x0000000098a4efd0,0x0000000099180000)
 Metaspace       used 72337K, committed 73920K, reserved 1114112K
  class space    used 7687K, committed 8384K, reserved 1048576K
}
Event: 72.905 GC heap after
{Heap after GC invocations=795 (full 3):
 PSYoungGen      total 4608K, used 352K [0x00000000d5580000, 0x00000000d5b00000, 0x0000000100000000)
  eden space 4096K, 0% used [0x00000000d5580000,0x00000000d5580000,0x00000000d5980000)
  from space 512K, 68% used [0x00000000d5a80000,0x00000000d5ad8000,0x00000000d5b00000)
  to   space 512K, 0% used [0x00000000d5a00000,0x00000000d5a00000,0x00000000d5a80000)
 ParOldGen       total 411136K, used 404088K [0x0000000080000000, 0x0000000099180000, 0x00000000d5580000)
  object space 411136K, 98% used [0x0000000080000000,0x0000000098a9e2b0,0x0000000099180000)
 Metaspace       used 72337K, committed 73920K, reserved 1114112K
  class space    used 7687K, committed 8384K, reserved 1048576K
}
Event: 72.909 GC heap before
{Heap before GC invocations=796 (full 3):
 PSYoungGen      total 4608K, used 4422K [0x00000000d5580000, 0x00000000d5b00000, 0x0000000100000000)
  eden space 4096K, 99% used [0x00000000d5580000,0x00000000d5979830,0x00000000d5980000)
  from space 512K, 68% used [0x00000000d5a80000,0x00000000d5ad8000,0x00000000d5b00000)
  to   space 512K, 0% used [0x00000000d5a00000,0x00000000d5a00000,0x00000000d5a80000)
 ParOldGen       total 411136K, used 404088K [0x0000000080000000, 0x0000000099180000, 0x00000000d5580000)
  object space 411136K, 98% used [0x0000000080000000,0x0000000098a9e2b0,0x0000000099180000)
 Metaspace       used 72337K, committed 73920K, reserved 1114112K
  class space    used 7687K, committed 8384K, reserved 1048576K
}
Event: 72.910 GC heap after
{Heap after GC invocations=796 (full 3):
 PSYoungGen      total 4608K, used 365K [0x00000000d5580000, 0x00000000d5b00000, 0x0000000100000000)
  eden space 4096K, 0% used [0x00000000d5580000,0x00000000d5580000,0x00000000d5980000)
  from space 512K, 71% used [0x00000000d5a00000,0x00000000d5a5b500,0x00000000d5a80000)
  to   space 512K, 0% used [0x00000000d5a80000,0x00000000d5a80000,0x00000000d5b00000)
 ParOldGen       total 411136K, used 406003K [0x0000000080000000, 0x0000000099180000, 0x00000000d5580000)
  object space 411136K, 98% used [0x0000000080000000,0x0000000098c7cea8,0x0000000099180000)
 Metaspace       used 72337K, committed 73920K, reserved 1114112K
  class space    used 7687K, committed 8384K, reserved 1048576K
}
Event: 73.921 GC heap before
{Heap before GC invocations=797 (full 3):
 PSYoungGen      total 4608K, used 3446K [0x00000000d5580000, 0x00000000d5b00000, 0x0000000100000000)
  eden space 4096K, 75% used [0x00000000d5580000,0x00000000d5882440,0x00000000d5980000)
  from space 512K, 71% used [0x00000000d5a00000,0x00000000d5a5b500,0x00000000d5a80000)
  to   space 512K, 0% used [0x00000000d5a80000,0x00000000d5a80000,0x00000000d5b00000)
 ParOldGen       total 411136K, used 407506K [0x0000000080000000, 0x0000000099180000, 0x00000000d5580000)
  object space 411136K, 99% used [0x0000000080000000,0x0000000098df49b0,0x0000000099180000)
 Metaspace       used 72419K, committed 73984K, reserved 1179648K
  class space    used 7699K, committed 8384K, reserved 1048576K
}
Event: 73.926 GC heap after
{Heap after GC invocations=797 (full 3):
 PSYoungGen      total 4608K, used 495K [0x00000000d5580000, 0x00000000d5b80000, 0x0000000100000000)
  eden space 4096K, 0% used [0x00000000d5580000,0x00000000d5580000,0x00000000d5980000)
  from space 512K, 96% used [0x00000000d5a80000,0x00000000d5afbc60,0x00000000d5b00000)
  to   space 1024K, 0% used [0x00000000d5980000,0x00000000d5980000,0x00000000d5a80000)
 ParOldGen       total 411136K, used 407570K [0x0000000080000000, 0x0000000099180000, 0x00000000d5580000)
  object space 411136K, 99% used [0x0000000080000000,0x0000000098e049b0,0x0000000099180000)
 Metaspace       used 72419K, committed 73984K, reserved 1179648K
  class space    used 7699K, committed 8384K, reserved 1048576K
}
Event: 73.935 GC heap before
{Heap before GC invocations=798 (full 3):
 PSYoungGen      total 4608K, used 4591K [0x00000000d5580000, 0x00000000d5b80000, 0x0000000100000000)
  eden space 4096K, 100% used [0x00000000d5580000,0x00000000d5980000,0x00000000d5980000)
  from space 512K, 96% used [0x00000000d5a80000,0x00000000d5afbc60,0x00000000d5b00000)
  to   space 1024K, 0% used [0x00000000d5980000,0x00000000d5980000,0x00000000d5a80000)
 ParOldGen       total 412672K, used 412468K [0x0000000080000000, 0x0000000099300000, 0x00000000d5580000)
  object space 412672K, 99% used [0x0000000080000000,0x00000000992cd2d8,0x0000000099300000)
 Metaspace       used 72445K, committed 74048K, reserved 1179648K
  class space    used 7704K, committed 8384K, reserved 1048576K
}
Event: 73.936 GC heap after
{Heap after GC invocations=798 (full 3):
 PSYoungGen      total 5120K, used 349K [0x00000000d5580000, 0x00000000d5b00000, 0x0000000100000000)
  eden space 4096K, 0% used [0x00000000d5580000,0x00000000d5580000,0x00000000d5980000)
  from space 1024K, 34% used [0x00000000d5980000,0x00000000d59d74d0,0x00000000d5a80000)
  to   space 512K, 0% used [0x00000000d5a80000,0x00000000d5a80000,0x00000000d5b00000)
 ParOldGen       total 412672K, used 412540K [0x0000000080000000, 0x0000000099300000, 0x00000000d5580000)
  object space 412672K, 99% used [0x0000000080000000,0x00000000992df2d8,0x0000000099300000)
 Metaspace       used 72445K, committed 74048K, reserved 1179648K
  class space    used 7704K, committed 8384K, reserved 1048576K
}
Event: 73.940 GC heap before
{Heap before GC invocations=799 (full 3):
 PSYoungGen      total 5120K, used 3244K [0x00000000d5580000, 0x00000000d5b00000, 0x0000000100000000)
  eden space 4096K, 70% used [0x00000000d5580000,0x00000000d5853e78,0x00000000d5980000)
  from space 1024K, 34% used [0x00000000d5980000,0x00000000d59d74d0,0x00000000d5a80000)
  to   space 512K, 0% used [0x00000000d5a80000,0x00000000d5a80000,0x00000000d5b00000)
 ParOldGen       total 412672K, used 412540K [0x0000000080000000, 0x0000000099300000, 0x00000000d5580000)
  object space 412672K, 99% used [0x0000000080000000,0x00000000992df2d8,0x0000000099300000)
 Metaspace       used 72459K, committed 74048K, reserved 1179648K
  class space    used 7706K, committed 8384K, reserved 1048576K
}
Event: 73.941 GC heap after
{Heap after GC invocations=799 (full 3):
 PSYoungGen      total 4608K, used 320K [0x00000000d5580000, 0x00000000d5b00000, 0x0000000100000000)
  eden space 4096K, 0% used [0x00000000d5580000,0x00000000d5580000,0x00000000d5980000)
  from space 512K, 62% used [0x00000000d5a80000,0x00000000d5ad0000,0x00000000d5b00000)
  to   space 512K, 0% used [0x00000000d5a00000,0x00000000d5a00000,0x00000000d5a80000)
 ParOldGen       total 412672K, used 412636K [0x0000000080000000, 0x0000000099300000, 0x00000000d5580000)
  object space 412672K, 99% used [0x0000000080000000,0x00000000992f72d8,0x0000000099300000)
 Metaspace       used 72459K, committed 74048K, reserved 1179648K
  class space    used 7706K, committed 8384K, reserved 1048576K
}
Event: 74.956 GC heap before
{Heap before GC invocations=800 (full 3):
 PSYoungGen      total 4608K, used 4416K [0x00000000d5580000, 0x00000000d5b00000, 0x0000000100000000)
  eden space 4096K, 100% used [0x00000000d5580000,0x00000000d5980000,0x00000000d5980000)
  from space 512K, 62% used [0x00000000d5a80000,0x00000000d5ad0000,0x00000000d5b00000)
  to   space 512K, 0% used [0x00000000d5a00000,0x00000000d5a00000,0x00000000d5a80000)
 ParOldGen       total 412672K, used 412636K [0x0000000080000000, 0x0000000099300000, 0x00000000d5580000)
  object space 412672K, 99% used [0x0000000080000000,0x00000000992f72d8,0x0000000099300000)
 Metaspace       used 72621K, committed 74240K, reserved 1179648K
  class space    used 7721K, committed 8448K, reserved 1048576K
}
Event: 74.957 GC heap after
{Heap after GC invocations=800 (full 3):
 PSYoungGen      total 4608K, used 512K [0x00000000d5580000, 0x00000000d5b80000, 0x0000000100000000)
  eden space 4096K, 0% used [0x00000000d5580000,0x00000000d5580000,0x00000000d5980000)
  from space 512K, 100% used [0x00000000d5a00000,0x00000000d5a80000,0x00000000d5a80000)
  to   space 1024K, 0% used [0x00000000d5a80000,0x00000000d5a80000,0x00000000d5b80000)
 ParOldGen       total 413184K, used 412860K [0x0000000080000000, 0x0000000099380000, 0x00000000d5580000)
  object space 413184K, 99% used [0x0000000080000000,0x000000009932f2d8,0x0000000099380000)
 Metaspace       used 72621K, committed 74240K, reserved 1179648K
  class space    used 7721K, committed 8448K, reserved 1048576K
}

