# JRE version: OpenJDK Runtime Environment Temurin-21.0.9+10 (21.0.9+10) (build 21.0.9+10-LTS)
# Java VM: OpenJDK 64-Bit Server VM Temurin-21.0.9+10 (21.0.9+10-LTS, mixed mode, sharing, tiered, compressed oops, compressed class ptrs, parallel gc, windows-amd64)
GC Precious Log:
 CardTable entry size: 512
 CPUs: 12 total, 12 available
 Memory: 16181M
 Large Page Support: Disabled
 NUMA Support: Disabled
 Compressed Oops: Enabled (32-bit)
 Alignments: Space 512K, Generation 512K, Heap 2M
 Heap Min Capacity: 100M
 Heap Initial Capacity: 100M
 Heap Max Capacity: 2G
 Pre-touch: Disabled
 Parallel Workers: 10
Heap:
 PSYoungGen      total 7168K, used 7152K [0x00000000d5580000, 0x00000000d6180000, 0x0000000100000000)
  eden space 6144K, 100% used [0x00000000d5580000,0x00000000d5b80000,0x00000000d5b80000)
  from space 1024K, 98% used [0x00000000d5c80000,0x00000000d5d7c270,0x00000000d5d80000)
  to   space 3072K, 0% used [0x00000000d5e80000,0x00000000d5e80000,0x00000000d6180000)
 ParOldGen       total 353792K, used 353547K [0x0000000080000000, 0x0000000095980000, 0x00000000d5580000)
  object space 353792K, 99% used [0x0000000080000000,0x0000000095942ed8,0x0000000095980000)
 Metaspace       used 79638K, committed 81344K, reserved 1179648K
  class space    used 8527K, committed 9280K, reserved 1048576K
GC Heap History (20 events):
Event: 51.172 GC heap before
{Heap before GC invocations=403 (full 3):
 PSYoungGen      total 5632K, used 4581K [0x00000000d5580000, 0x00000000d5c00000, 0x0000000100000000)
  eden space 4096K, 90% used [0x00000000d5580000,0x00000000d5921900,0x00000000d5980000)
  from space 1536K, 56% used [0x00000000d5980000,0x00000000d5a57dd0,0x00000000d5b00000)
  to   space 1024K, 0% used [0x00000000d5b00000,0x00000000d5b00000,0x00000000d5c00000)
 ParOldGen       total 340480K, used 340275K [0x0000000080000000, 0x0000000094c80000, 0x00000000d5580000)
  object space 340480K, 99% used [0x0000000080000000,0x0000000094c4ce08,0x0000000094c80000)
 Metaspace       used 79621K, committed 81344K, reserved 1179648K
  class space    used 8527K, committed 9280K, reserved 1048576K
}
Event: 51.173 GC heap after
{Heap after GC invocations=403 (full 3):
 PSYoungGen      total 5632K, used 972K [0x00000000d5580000, 0x00000000d5c80000, 0x0000000100000000)
  eden space 4608K, 0% used [0x00000000d5580000,0x00000000d5580000,0x00000000d5a00000)
  from space 1024K, 94% used [0x00000000d5b00000,0x00000000d5bf32b0,0x00000000d5c00000)
  to   space 1024K, 0% used [0x00000000d5a00000,0x00000000d5a00000,0x00000000d5b00000)
 ParOldGen       total 342016K, used 341887K [0x0000000080000000, 0x0000000094e00000, 0x00000000d5580000)
  object space 342016K, 99% used [0x0000000080000000,0x0000000094ddfd90,0x0000000094e00000)
 Metaspace       used 79621K, committed 81344K, reserved 1179648K
  class space    used 8527K, committed 9280K, reserved 1048576K
}
Event: 51.175 GC heap before
{Heap before GC invocations=404 (full 3):
 PSYoungGen      total 5632K, used 5033K [0x00000000d5580000, 0x00000000d5c80000, 0x0000000100000000)
  eden space 4608K, 88% used [0x00000000d5580000,0x00000000d5977280,0x00000000d5a00000)
  from space 1024K, 94% used [0x00000000d5b00000,0x00000000d5bf32b0,0x00000000d5c00000)
  to   space 1024K, 0% used [0x00000000d5a00000,0x00000000d5a00000,0x00000000d5b00000)
 ParOldGen       total 342016K, used 341887K [0x0000000080000000, 0x0000000094e00000, 0x00000000d5580000)
  object space 342016K, 99% used [0x0000000080000000,0x0000000094ddfd90,0x0000000094e00000)
 Metaspace       used 79621K, committed 81344K, reserved 1179648K
  class space    used 8527K, committed 9280K, reserved 1048576K
}
Event: 51.177 GC heap after
{Heap after GC invocations=404 (full 3):
 PSYoungGen      total 5632K, used 938K [0x00000000d5580000, 0x00000000d5d00000, 0x0000000100000000)
  eden space 4608K, 0% used [0x00000000d5580000,0x00000000d5580000,0x00000000d5a00000)
  from space 1024K, 91% used [0x00000000d5a00000,0x00000000d5aea8c0,0x00000000d5b00000)
  to   space 1024K, 0% used [0x00000000d5c00000,0x00000000d5c00000,0x00000000d5d00000)
 ParOldGen       total 344064K, used 344001K [0x0000000080000000, 0x0000000095000000, 0x00000000d5580000)
  object space 344064K, 99% used [0x0000000080000000,0x0000000094ff04f8,0x0000000095000000)
 Metaspace       used 79621K, committed 81344K, reserved 1179648K
  class space    used 8527K, committed 9280K, reserved 1048576K
}
Event: 51.179 GC heap before
{Heap before GC invocations=405 (full 3):
 PSYoungGen      total 5632K, used 5345K [0x00000000d5580000, 0x00000000d5d00000, 0x0000000100000000)
  eden space 4608K, 95% used [0x00000000d5580000,0x00000000d59cdf28,0x00000000d5a00000)
  from space 1024K, 91% used [0x00000000d5a00000,0x00000000d5aea8c0,0x00000000d5b00000)
  to   space 1024K, 0% used [0x00000000d5c00000,0x00000000d5c00000,0x00000000d5d00000)
 ParOldGen       total 344064K, used 344001K [0x0000000080000000, 0x0000000095000000, 0x00000000d5580000)
  object space 344064K, 99% used [0x0000000080000000,0x0000000094ff04f8,0x0000000095000000)
 Metaspace       used 79621K, committed 81344K, reserved 1179648K
  class space    used 8527K, committed 9280K, reserved 1048576K
}
Event: 51.180 GC heap after
{Heap after GC invocations=405 (full 3):
 PSYoungGen      total 6144K, used 256K [0x00000000d5580000, 0x00000000d5c80000, 0x0000000100000000)
  eden space 5632K, 0% used [0x00000000d5580000,0x00000000d5580000,0x00000000d5b00000)
  from space 512K, 50% used [0x00000000d5c00000,0x00000000d5c40000,0x00000000d5c80000)
  to   space 512K, 0% used [0x00000000d5b80000,0x00000000d5b80000,0x00000000d5c00000)
 ParOldGen       total 344576K, used 344089K [0x0000000080000000, 0x0000000095080000, 0x00000000d5580000)
  object space 344576K, 99% used [0x0000000080000000,0x00000000950064f8,0x0000000095080000)
 Metaspace       used 79621K, committed 81344K, reserved 1179648K
  class space    used 8527K, committed 9280K, reserved 1048576K
}
Event: 51.185 GC heap before
{Heap before GC invocations=406 (full 3):
 PSYoungGen      total 6144K, used 5885K [0x00000000d5580000, 0x00000000d5c80000, 0x0000000100000000)
  eden space 5632K, 99% used [0x00000000d5580000,0x00000000d5aff7f0,0x00000000d5b00000)
  from space 512K, 50% used [0x00000000d5c00000,0x00000000d5c40000,0x00000000d5c80000)
  to   space 512K, 0% used [0x00000000d5b80000,0x00000000d5b80000,0x00000000d5c00000)
 ParOldGen       total 344576K, used 344089K [0x0000000080000000, 0x0000000095080000, 0x00000000d5580000)
  object space 344576K, 99% used [0x0000000080000000,0x00000000950064f8,0x0000000095080000)
 Metaspace       used 79621K, committed 81344K, reserved 1179648K
  class space    used 8527K, committed 9280K, reserved 1048576K
}
Event: 51.186 GC heap after
{Heap after GC invocations=406 (full 3):
 PSYoungGen      total 6656K, used 509K [0x00000000d5580000, 0x00000000d5e80000, 0x0000000100000000)
  eden space 6144K, 0% used [0x00000000d5580000,0x00000000d5580000,0x00000000d5b80000)
  from space 512K, 99% used [0x00000000d5b80000,0x00000000d5bff5b0,0x00000000d5c00000)
  to   space 1024K, 0% used [0x00000000d5d80000,0x00000000d5d80000,0x00000000d5e80000)
 ParOldGen       total 346112K, used 345895K [0x0000000080000000, 0x0000000095200000, 0x00000000d5580000)
  object space 346112K, 99% used [0x0000000080000000,0x00000000951c9cb0,0x0000000095200000)
 Metaspace       used 79621K, committed 81344K, reserved 1179648K
  class space    used 8527K, committed 9280K, reserved 1048576K
}
Event: 51.191 GC heap before
{Heap before GC invocations=407 (full 3):
 PSYoungGen      total 6656K, used 6585K [0x00000000d5580000, 0x00000000d5e80000, 0x0000000100000000)
  eden space 6144K, 98% used [0x00000000d5580000,0x00000000d5b6f128,0x00000000d5b80000)
  from space 512K, 99% used [0x00000000d5b80000,0x00000000d5bff5b0,0x00000000d5c00000)
  to   space 1024K, 0% used [0x00000000d5d80000,0x00000000d5d80000,0x00000000d5e80000)
 ParOldGen       total 346112K, used 345895K [0x0000000080000000, 0x0000000095200000, 0x00000000d5580000)
  object space 346112K, 99% used [0x0000000080000000,0x00000000951c9cb0,0x0000000095200000)
 Metaspace       used 79623K, committed 81344K, reserved 1179648K
  class space    used 8527K, committed 9280K, reserved 1048576K
}
Event: 51.192 GC heap after
{Heap after GC invocations=407 (full 3):
 PSYoungGen      total 7168K, used 672K [0x00000000d5580000, 0x00000000d5e80000, 0x0000000100000000)
  eden space 6144K, 0% used [0x00000000d5580000,0x00000000d5580000,0x00000000d5b80000)
  from space 1024K, 65% used [0x00000000d5d80000,0x00000000d5e28000,0x00000000d5e80000)
  to   space 1024K, 0% used [0x00000000d5c80000,0x00000000d5c80000,0x00000000d5d80000)
 ParOldGen       total 346112K, used 345903K [0x0000000080000000, 0x0000000095200000, 0x00000000d5580000)
  object space 346112K, 99% used [0x0000000080000000,0x00000000951cbcb0,0x0000000095200000)
 Metaspace       used 79623K, committed 81344K, reserved 1179648K
  class space    used 8527K, committed 9280K, reserved 1048576K
}
Event: 51.206 GC heap before
{Heap before GC invocations=408 (full 3):
 PSYoungGen      total 7168K, used 5779K [0x00000000d5580000, 0x00000000d5e80000, 0x0000000100000000)
  eden space 6144K, 83% used [0x00000000d5580000,0x00000000d5a7cd28,0x00000000d5b80000)
  from space 1024K, 65% used [0x00000000d5d80000,0x00000000d5e28000,0x00000000d5e80000)
  to   space 1024K, 0% used [0x00000000d5c80000,0x00000000d5c80000,0x00000000d5d80000)
 ParOldGen       total 346112K, used 345903K [0x0000000080000000, 0x0000000095200000, 0x00000000d5580000)
  object space 346112K, 99% used [0x0000000080000000,0x00000000951cbcb0,0x0000000095200000)
 Metaspace       used 79624K, committed 81344K, reserved 1179648K
  class space    used 8527K, committed 9280K, reserved 1048576K
}
Event: 51.207 GC heap after
{Heap after GC invocations=408 (full 3):
 PSYoungGen      total 7168K, used 288K [0x00000000d5580000, 0x00000000d5e00000, 0x0000000100000000)
  eden space 6144K, 0% used [0x00000000d5580000,0x00000000d5580000,0x00000000d5b80000)
  from space 1024K, 28% used [0x00000000d5c80000,0x00000000d5cc8000,0x00000000d5d80000)
  to   space 512K, 0% used [0x00000000d5d80000,0x00000000d5d80000,0x00000000d5e00000)
 ParOldGen       total 346624K, used 346455K [0x0000000080000000, 0x0000000095280000, 0x00000000d5580000)
  object space 346624K, 99% used [0x0000000080000000,0x0000000095255cb0,0x0000000095280000)
 Metaspace       used 79624K, committed 81344K, reserved 1179648K
  class space    used 8527K, committed 9280K, reserved 1048576K
}
Event: 51.213 GC heap before
{Heap before GC invocations=409 (full 3):
 PSYoungGen      total 7168K, used 6185K [0x00000000d5580000, 0x00000000d5e00000, 0x0000000100000000)
  eden space 6144K, 95% used [0x00000000d5580000,0x00000000d5b425c0,0x00000000d5b80000)
  from space 1024K, 28% used [0x00000000d5c80000,0x00000000d5cc8000,0x00000000d5d80000)
  to   space 512K, 0% used [0x00000000d5d80000,0x00000000d5d80000,0x00000000d5e00000)
 ParOldGen       total 346624K, used 346455K [0x0000000080000000, 0x0000000095280000, 0x00000000d5580000)
  object space 346624K, 99% used [0x0000000080000000,0x0000000095255cb0,0x0000000095280000)
 Metaspace       used 79624K, committed 81344K, reserved 1179648K
  class space    used 8527K, committed 9280K, reserved 1048576K
}
Event: 52.258 GC heap after
{Heap after GC invocations=409 (full 3):
 PSYoungGen      total 6656K, used 508K [0x00000000d5580000, 0x00000000d5e00000, 0x0000000100000000)
  eden space 6144K, 0% used [0x00000000d5580000,0x00000000d5580000,0x00000000d5b80000)
  from space 512K, 99% used [0x00000000d5d80000,0x00000000d5dff1a0,0x00000000d5e00000)
  to   space 1024K, 0% used [0x00000000d5c80000,0x00000000d5c80000,0x00000000d5d80000)
 ParOldGen       total 348672K, used 348483K [0x0000000080000000, 0x0000000095480000, 0x00000000d5580000)
  object space 348672K, 99% used [0x0000000080000000,0x0000000095450d58,0x0000000095480000)
 Metaspace       used 79624K, committed 81344K, reserved 1179648K
  class space    used 8527K, committed 9280K, reserved 1048576K
}
Event: 52.270 GC heap before
{Heap before GC invocations=410 (full 3):
 PSYoungGen      total 6656K, used 6652K [0x00000000d5580000, 0x00000000d5e00000, 0x0000000100000000)
  eden space 6144K, 100% used [0x00000000d5580000,0x00000000d5b80000,0x00000000d5b80000)
  from space 512K, 99% used [0x00000000d5d80000,0x00000000d5dff1a0,0x00000000d5e00000)
  to   space 1024K, 0% used [0x00000000d5c80000,0x00000000d5c80000,0x00000000d5d80000)
 ParOldGen       total 348672K, used 348483K [0x0000000080000000, 0x0000000095480000, 0x00000000d5580000)
  object space 348672K, 99% used [0x0000000080000000,0x0000000095450d58,0x0000000095480000)
 Metaspace       used 79625K, committed 81344K, reserved 1179648K
  class space    used 8527K, committed 9280K, reserved 1048576K
}
Event: 52.272 GC heap after
{Heap after GC invocations=410 (full 3):
 PSYoungGen      total 7168K, used 1020K [0x00000000d5580000, 0x00000000d5f80000, 0x0000000100000000)
  eden space 6144K, 0% used [0x00000000d5580000,0x00000000d5580000,0x00000000d5b80000)
  from space 1024K, 99% used [0x00000000d5c80000,0x00000000d5d7f2c0,0x00000000d5d80000)
  to   space 2048K, 0% used [0x00000000d5d80000,0x00000000d5d80000,0x00000000d5f80000)
 ParOldGen       total 350208K, used 350058K [0x0000000080000000, 0x0000000095600000, 0x00000000d5580000)
  object space 350208K, 99% used [0x0000000080000000,0x00000000955da860,0x0000000095600000)
 Metaspace       used 79625K, committed 81344K, reserved 1179648K
  class space    used 8527K, committed 9280K, reserved 1048576K
}
Event: 52.275 GC heap before
{Heap before GC invocations=411 (full 3):
 PSYoungGen      total 7168K, used 7164K [0x00000000d5580000, 0x00000000d5f80000, 0x0000000100000000)
  eden space 6144K, 100% used [0x00000000d5580000,0x00000000d5b80000,0x00000000d5b80000)
  from space 1024K, 99% used [0x00000000d5c80000,0x00000000d5d7f2c0,0x00000000d5d80000)
  to   space 2048K, 0% used [0x00000000d5d80000,0x00000000d5d80000,0x00000000d5f80000)
 ParOldGen       total 350208K, used 350058K [0x0000000080000000, 0x0000000095600000, 0x00000000d5580000)
  object space 350208K, 99% used [0x0000000080000000,0x00000000955da860,0x0000000095600000)
 Metaspace       used 79630K, committed 81344K, reserved 1179648K
  class space    used 8527K, committed 9280K, reserved 1048576K
}
Event: 54.278 GC heap after
{Heap after GC invocations=411 (full 3):
 PSYoungGen      total 8192K, used 2029K [0x00000000d5580000, 0x00000000d5f80000, 0x0000000100000000)
  eden space 6144K, 0% used [0x00000000d5580000,0x00000000d5580000,0x00000000d5b80000)
  from space 2048K, 99% used [0x00000000d5d80000,0x00000000d5f7b7a8,0x00000000d5f80000)
  to   space 1024K, 0% used [0x00000000d5c80000,0x00000000d5c80000,0x00000000d5d80000)
 ParOldGen       total 351232K, used 351189K [0x0000000080000000, 0x0000000095700000, 0x00000000d5580000)
  object space 351232K, 99% used [0x0000000080000000,0x00000000956f55d0,0x0000000095700000)
 Metaspace       used 79630K, committed 81344K, reserved 1179648K
  class space    used 8527K, committed 9280K, reserved 1048576K
}
Event: 54.288 GC heap before
{Heap before GC invocations=412 (full 3):
 PSYoungGen      total 8192K, used 8007K [0x00000000d5580000, 0x00000000d5f80000, 0x0000000100000000)
  eden space 6144K, 97% used [0x00000000d5580000,0x00000000d5b564d0,0x00000000d5b80000)
  from space 2048K, 99% used [0x00000000d5d80000,0x00000000d5f7b7a8,0x00000000d5f80000)
  to   space 1024K, 0% used [0x00000000d5c80000,0x00000000d5c80000,0x00000000d5d80000)
 ParOldGen       total 351744K, used 351632K [0x0000000080000000, 0x0000000095780000, 0x00000000d5580000)
  object space 351744K, 99% used [0x0000000080000000,0x0000000095764230,0x0000000095780000)
 Metaspace       used 79638K, committed 81344K, reserved 1179648K
  class space    used 8527K, committed 9280K, reserved 1048576K
}
Event: 54.289 GC heap after
{Heap after GC invocations=412 (full 3):
 PSYoungGen      total 7168K, used 1008K [0x00000000d5580000, 0x00000000d6180000, 0x0000000100000000)
  eden space 6144K, 0% used [0x00000000d5580000,0x00000000d5580000,0x00000000d5b80000)
  from space 1024K, 98% used [0x00000000d5c80000,0x00000000d5d7c270,0x00000000d5d80000)
  to   space 3072K, 0% used [0x00000000d5e80000,0x00000000d5e80000,0x00000000d6180000)
 ParOldGen       total 353792K, used 353547K [0x0000000080000000, 0x0000000095980000, 0x00000000d5580000)
  object space 353792K, 99% used [0x0000000080000000,0x0000000095942ed8,0x0000000095980000)
 Metaspace       used 79638K, committed 81344K, reserved 1179648K
  class space    used 8527K, committed 9280K, reserved 1048576K
}

