# JRE version: OpenJDK Runtime Environment Temurin-21.0.8+9 (21.0.8+9) (build 21.0.8+9-LTS)
# Java VM: OpenJDK 64-Bit Server VM Temurin-21.0.8+9 (21.0.8+9-LTS, mixed mode, sharing, tiered, compressed oops, compressed class ptrs, parallel gc, windows-amd64)
GC Precious Log:
 CardTable entry size: 512
 CPUs: 12 total, 12 available
 Memory: 16181M
 Large Page Support: Disabled
 NUMA Support: Disabled
 Compressed Oops: Enabled (32-bit)
 Alignments: Space 512K, Generation 512K, Heap 2M
 Heap Min Capacity: 100M
 Heap Initial Capacity: 100M
 Heap Max Capacity: 2G
 Pre-touch: Disabled
 Parallel Workers: 10
Heap:
 PSYoungGen      total 18944K, used 14309K [0x00000000d5580000, 0x00000000d6d00000, 0x0000000100000000)
  eden space 17920K, 74% used [0x00000000d5580000,0x00000000d627f4e0,0x00000000d6700000)
  from space 1024K, 97% used [0x00000000d6c00000,0x00000000d6cfa300,0x00000000d6d00000)
  to   space 2048K, 0% used [0x00000000d6900000,0x00000000d6900000,0x00000000d6b00000)
 ParOldGen       total 68608K, used 31018K [0x0000000080000000, 0x0000000084300000, 0x00000000d5580000)
  object space 68608K, 45% used [0x0000000080000000,0x0000000081e4a980,0x0000000084300000)
 Metaspace       used 42478K, committed 43520K, reserved 1114112K
  class space    used 4275K, committed 4736K, reserved 1048576K
GC Heap History (20 events):
Event: 2.205 GC heap before
{Heap before GC invocations=15 (full 1):
 PSYoungGen      total 24064K, used 23876K [0x00000000d5580000, 0x00000000d7180000, 0x0000000100000000)
  eden space 21504K, 100% used [0x00000000d5580000,0x00000000d6a80000,0x00000000d6a80000)
  from space 2560K, 92% used [0x00000000d6a80000,0x00000000d6cd1000,0x00000000d6d00000)
  to   space 3584K, 0% used [0x00000000d6e00000,0x00000000d6e00000,0x00000000d7180000)
 ParOldGen       total 68608K, used 20926K [0x0000000080000000, 0x0000000084300000, 0x00000000d5580000)
  object space 68608K, 30% used [0x0000000080000000,0x000000008146f920,0x0000000084300000)
 Metaspace       used 31976K, committed 32896K, reserved 1114112K
  class space    used 3221K, committed 3648K, reserved 1048576K
}
Event: 2.208 GC heap after
{Heap after GC invocations=15 (full 1):
 PSYoungGen      total 24064K, used 2432K [0x00000000d5580000, 0x00000000d7080000, 0x0000000100000000)
  eden space 21504K, 0% used [0x00000000d5580000,0x00000000d5580000,0x00000000d6a80000)
  from space 2560K, 95% used [0x00000000d6e00000,0x00000000d7060010,0x00000000d7080000)
  to   space 3072K, 0% used [0x00000000d6a80000,0x00000000d6a80000,0x00000000d6d80000)
 ParOldGen       total 68608K, used 23107K [0x0000000080000000, 0x0000000084300000, 0x00000000d5580000)
  object space 68608K, 33% used [0x0000000080000000,0x0000000081690f48,0x0000000084300000)
 Metaspace       used 31976K, committed 32896K, reserved 1114112K
  class space    used 3221K, committed 3648K, reserved 1048576K
}
Event: 2.235 GC heap before
{Heap before GC invocations=16 (full 1):
 PSYoungGen      total 24064K, used 23936K [0x00000000d5580000, 0x00000000d7080000, 0x0000000100000000)
  eden space 21504K, 100% used [0x00000000d5580000,0x00000000d6a80000,0x00000000d6a80000)
  from space 2560K, 95% used [0x00000000d6e00000,0x00000000d7060010,0x00000000d7080000)
  to   space 3072K, 0% used [0x00000000d6a80000,0x00000000d6a80000,0x00000000d6d80000)
 ParOldGen       total 68608K, used 23107K [0x0000000080000000, 0x0000000084300000, 0x00000000d5580000)
  object space 68608K, 33% used [0x0000000080000000,0x0000000081690f48,0x0000000084300000)
 Metaspace       used 32011K, committed 32896K, reserved 1114112K
  class space    used 3221K, committed 3648K, reserved 1048576K
}
Event: 2.237 GC heap after
{Heap after GC invocations=16 (full 1):
 PSYoungGen      total 24064K, used 2200K [0x00000000d5580000, 0x00000000d6f80000, 0x0000000100000000)
  eden space 21504K, 0% used [0x00000000d5580000,0x00000000d5580000,0x00000000d6a80000)
  from space 2560K, 85% used [0x00000000d6a80000,0x00000000d6ca6200,0x00000000d6d00000)
  to   space 2560K, 0% used [0x00000000d6d00000,0x00000000d6d00000,0x00000000d6f80000)
 ParOldGen       total 68608K, used 25427K [0x0000000080000000, 0x0000000084300000, 0x00000000d5580000)
  object space 68608K, 37% used [0x0000000080000000,0x00000000818d4f58,0x0000000084300000)
 Metaspace       used 32011K, committed 32896K, reserved 1114112K
  class space    used 3221K, committed 3648K, reserved 1048576K
}
Event: 2.443 GC heap before
{Heap before GC invocations=17 (full 1):
 PSYoungGen      total 24064K, used 23704K [0x00000000d5580000, 0x00000000d6f80000, 0x0000000100000000)
  eden space 21504K, 100% used [0x00000000d5580000,0x00000000d6a80000,0x00000000d6a80000)
  from space 2560K, 85% used [0x00000000d6a80000,0x00000000d6ca6200,0x00000000d6d00000)
  to   space 2560K, 0% used [0x00000000d6d00000,0x00000000d6d00000,0x00000000d6f80000)
 ParOldGen       total 68608K, used 25427K [0x0000000080000000, 0x0000000084300000, 0x00000000d5580000)
  object space 68608K, 37% used [0x0000000080000000,0x00000000818d4f58,0x0000000084300000)
 Metaspace       used 34422K, committed 35392K, reserved 1114112K
  class space    used 3481K, committed 3904K, reserved 1048576K
}
Event: 2.445 GC heap after
{Heap after GC invocations=17 (full 1):
 PSYoungGen      total 20480K, used 2552K [0x00000000d5580000, 0x00000000d7680000, 0x0000000100000000)
  eden space 17920K, 0% used [0x00000000d5580000,0x00000000d5580000,0x00000000d6700000)
  from space 2560K, 99% used [0x00000000d6d00000,0x00000000d6f7e170,0x00000000d6f80000)
  to   space 6144K, 0% used [0x00000000d6700000,0x00000000d6700000,0x00000000d6d00000)
 ParOldGen       total 68608K, used 28072K [0x0000000080000000, 0x0000000084300000, 0x00000000d5580000)
  object space 68608K, 40% used [0x0000000080000000,0x0000000081b6a0f8,0x0000000084300000)
 Metaspace       used 34422K, committed 35392K, reserved 1114112K
  class space    used 3481K, committed 3904K, reserved 1048576K
}
Event: 2.524 GC heap before
{Heap before GC invocations=18 (full 1):
 PSYoungGen      total 20480K, used 13294K [0x00000000d5580000, 0x00000000d7680000, 0x0000000100000000)
  eden space 17920K, 59% used [0x00000000d5580000,0x00000000d5ffd8a0,0x00000000d6700000)
  from space 2560K, 99% used [0x00000000d6d00000,0x00000000d6f7e170,0x00000000d6f80000)
  to   space 6144K, 0% used [0x00000000d6700000,0x00000000d6700000,0x00000000d6d00000)
 ParOldGen       total 68608K, used 28072K [0x0000000080000000, 0x0000000084300000, 0x00000000d5580000)
  object space 68608K, 40% used [0x0000000080000000,0x0000000081b6a0f8,0x0000000084300000)
 Metaspace       used 34936K, committed 35840K, reserved 1114112K
  class space    used 3540K, committed 3968K, reserved 1048576K
}
Event: 2.525 GC heap after
{Heap after GC invocations=18 (full 1):
 PSYoungGen      total 24064K, used 320K [0x00000000d5580000, 0x00000000d6f80000, 0x0000000100000000)
  eden space 17920K, 0% used [0x00000000d5580000,0x00000000d5580000,0x00000000d6700000)
  from space 6144K, 5% used [0x00000000d6700000,0x00000000d6750000,0x00000000d6d00000)
  to   space 2560K, 0% used [0x00000000d6d00000,0x00000000d6d00000,0x00000000d6f80000)
 ParOldGen       total 68608K, used 30608K [0x0000000080000000, 0x0000000084300000, 0x00000000d5580000)
  object space 68608K, 44% used [0x0000000080000000,0x0000000081de43c8,0x0000000084300000)
 Metaspace       used 34936K, committed 35840K, reserved 1114112K
  class space    used 3540K, committed 3968K, reserved 1048576K
}
Event: 2.525 GC heap before
{Heap before GC invocations=19 (full 2):
 PSYoungGen      total 24064K, used 320K [0x00000000d5580000, 0x00000000d6f80000, 0x0000000100000000)
  eden space 17920K, 0% used [0x00000000d5580000,0x00000000d5580000,0x00000000d6700000)
  from space 6144K, 5% used [0x00000000d6700000,0x00000000d6750000,0x00000000d6d00000)
  to   space 2560K, 0% used [0x00000000d6d00000,0x00000000d6d00000,0x00000000d6f80000)
 ParOldGen       total 68608K, used 30608K [0x0000000080000000, 0x0000000084300000, 0x00000000d5580000)
  object space 68608K, 44% used [0x0000000080000000,0x0000000081de43c8,0x0000000084300000)
 Metaspace       used 34936K, committed 35840K, reserved 1114112K
  class space    used 3540K, committed 3968K, reserved 1048576K
}
Event: 2.556 GC heap after
{Heap after GC invocations=19 (full 2):
 PSYoungGen      total 24064K, used 0K [0x00000000d5580000, 0x00000000d6f80000, 0x0000000100000000)
  eden space 17920K, 0% used [0x00000000d5580000,0x00000000d5580000,0x00000000d6700000)
  from space 6144K, 0% used [0x00000000d6700000,0x00000000d6700000,0x00000000d6d00000)
  to   space 2560K, 0% used [0x00000000d6d00000,0x00000000d6d00000,0x00000000d6f80000)
 ParOldGen       total 68608K, used 29437K [0x0000000080000000, 0x0000000084300000, 0x00000000d5580000)
  object space 68608K, 42% used [0x0000000080000000,0x0000000081cbf500,0x0000000084300000)
 Metaspace       used 34936K, committed 35840K, reserved 1114112K
  class space    used 3540K, committed 3968K, reserved 1048576K
}
Event: 2.677 GC heap before
{Heap before GC invocations=20 (full 2):
 PSYoungGen      total 24064K, used 17920K [0x00000000d5580000, 0x00000000d6f80000, 0x0000000100000000)
  eden space 17920K, 100% used [0x00000000d5580000,0x00000000d6700000,0x00000000d6700000)
  from space 6144K, 0% used [0x00000000d6700000,0x00000000d6700000,0x00000000d6d00000)
  to   space 2560K, 0% used [0x00000000d6d00000,0x00000000d6d00000,0x00000000d6f80000)
 ParOldGen       total 68608K, used 29437K [0x0000000080000000, 0x0000000084300000, 0x00000000d5580000)
  object space 68608K, 42% used [0x0000000080000000,0x0000000081cbf500,0x0000000084300000)
 Metaspace       used 36073K, committed 36992K, reserved 1114112K
  class space    used 3652K, committed 4096K, reserved 1048576K
}
Event: 2.679 GC heap after
{Heap after GC invocations=20 (full 2):
 PSYoungGen      total 19968K, used 1746K [0x00000000d5580000, 0x00000000d6f00000, 0x0000000100000000)
  eden space 17920K, 0% used [0x00000000d5580000,0x00000000d5580000,0x00000000d6700000)
  from space 2048K, 85% used [0x00000000d6d00000,0x00000000d6eb4808,0x00000000d6f00000)
  to   space 2048K, 0% used [0x00000000d6b00000,0x00000000d6b00000,0x00000000d6d00000)
 ParOldGen       total 68608K, used 29445K [0x0000000080000000, 0x0000000084300000, 0x00000000d5580000)
  object space 68608K, 42% used [0x0000000080000000,0x0000000081cc1500,0x0000000084300000)
 Metaspace       used 36073K, committed 36992K, reserved 1114112K
  class space    used 3652K, committed 4096K, reserved 1048576K
}
Event: 2.709 GC heap before
{Heap before GC invocations=21 (full 2):
 PSYoungGen      total 19968K, used 19666K [0x00000000d5580000, 0x00000000d6f00000, 0x0000000100000000)
  eden space 17920K, 100% used [0x00000000d5580000,0x00000000d6700000,0x00000000d6700000)
  from space 2048K, 85% used [0x00000000d6d00000,0x00000000d6eb4808,0x00000000d6f00000)
  to   space 2048K, 0% used [0x00000000d6b00000,0x00000000d6b00000,0x00000000d6d00000)
 ParOldGen       total 68608K, used 29445K [0x0000000080000000, 0x0000000084300000, 0x00000000d5580000)
  object space 68608K, 42% used [0x0000000080000000,0x0000000081cc1500,0x0000000084300000)
 Metaspace       used 36107K, committed 36992K, reserved 1114112K
  class space    used 3652K, committed 4096K, reserved 1048576K
}
Event: 2.710 GC heap after
{Heap after GC invocations=21 (full 2):
 PSYoungGen      total 19456K, used 1200K [0x00000000d5580000, 0x00000000d6d80000, 0x0000000100000000)
  eden space 17920K, 0% used [0x00000000d5580000,0x00000000d5580000,0x00000000d6700000)
  from space 1536K, 78% used [0x00000000d6b00000,0x00000000d6c2c3d0,0x00000000d6c80000)
  to   space 1024K, 0% used [0x00000000d6c80000,0x00000000d6c80000,0x00000000d6d80000)
 ParOldGen       total 68608K, used 30082K [0x0000000080000000, 0x0000000084300000, 0x00000000d5580000)
  object space 68608K, 43% used [0x0000000080000000,0x0000000081d60bf0,0x0000000084300000)
 Metaspace       used 36107K, committed 36992K, reserved 1114112K
  class space    used 3652K, committed 4096K, reserved 1048576K
}
Event: 2.746 GC heap before
{Heap before GC invocations=22 (full 2):
 PSYoungGen      total 19456K, used 19120K [0x00000000d5580000, 0x00000000d6d80000, 0x0000000100000000)
  eden space 17920K, 100% used [0x00000000d5580000,0x00000000d6700000,0x00000000d6700000)
  from space 1536K, 78% used [0x00000000d6b00000,0x00000000d6c2c3d0,0x00000000d6c80000)
  to   space 1024K, 0% used [0x00000000d6c80000,0x00000000d6c80000,0x00000000d6d80000)
 ParOldGen       total 68608K, used 30082K [0x0000000080000000, 0x0000000084300000, 0x00000000d5580000)
  object space 68608K, 43% used [0x0000000080000000,0x0000000081d60bf0,0x0000000084300000)
 Metaspace       used 36897K, committed 37824K, reserved 1114112K
  class space    used 3724K, committed 4160K, reserved 1048576K
}
Event: 2.747 GC heap after
{Heap after GC invocations=22 (full 2):
 PSYoungGen      total 18432K, used 320K [0x00000000d5580000, 0x00000000d6d00000, 0x0000000100000000)
  eden space 17920K, 0% used [0x00000000d5580000,0x00000000d5580000,0x00000000d6700000)
  from space 512K, 62% used [0x00000000d6c80000,0x00000000d6cd0000,0x00000000d6d00000)
  to   space 1024K, 0% used [0x00000000d6b00000,0x00000000d6b00000,0x00000000d6c00000)
 ParOldGen       total 68608K, used 30106K [0x0000000080000000, 0x0000000084300000, 0x00000000d5580000)
  object space 68608K, 43% used [0x0000000080000000,0x0000000081d66bf0,0x0000000084300000)
 Metaspace       used 36897K, committed 37824K, reserved 1114112K
  class space    used 3724K, committed 4160K, reserved 1048576K
}
Event: 3.010 GC heap before
{Heap before GC invocations=23 (full 2):
 PSYoungGen      total 18432K, used 18240K [0x00000000d5580000, 0x00000000d6d00000, 0x0000000100000000)
  eden space 17920K, 100% used [0x00000000d5580000,0x00000000d6700000,0x00000000d6700000)
  from space 512K, 62% used [0x00000000d6c80000,0x00000000d6cd0000,0x00000000d6d00000)
  to   space 1024K, 0% used [0x00000000d6b00000,0x00000000d6b00000,0x00000000d6c00000)
 ParOldGen       total 68608K, used 30106K [0x0000000080000000, 0x0000000084300000, 0x00000000d5580000)
  object space 68608K, 43% used [0x0000000080000000,0x0000000081d66bf0,0x0000000084300000)
 Metaspace       used 39828K, committed 40768K, reserved 1114112K
  class space    used 3999K, committed 4416K, reserved 1048576K
}
Event: 3.011 GC heap after
{Heap after GC invocations=23 (full 2):
 PSYoungGen      total 18944K, used 800K [0x00000000d5580000, 0x00000000d6d00000, 0x0000000100000000)
  eden space 17920K, 0% used [0x00000000d5580000,0x00000000d5580000,0x00000000d6700000)
  from space 1024K, 78% used [0x00000000d6b00000,0x00000000d6bc8000,0x00000000d6c00000)
  to   space 1024K, 0% used [0x00000000d6c00000,0x00000000d6c00000,0x00000000d6d00000)
 ParOldGen       total 68608K, used 30178K [0x0000000080000000, 0x0000000084300000, 0x00000000d5580000)
  object space 68608K, 43% used [0x0000000080000000,0x0000000081d78bf0,0x0000000084300000)
 Metaspace       used 39828K, committed 40768K, reserved 1114112K
  class space    used 3999K, committed 4416K, reserved 1048576K
}
Event: 5.745 GC heap before
{Heap before GC invocations=24 (full 2):
 PSYoungGen      total 18944K, used 18720K [0x00000000d5580000, 0x00000000d6d00000, 0x0000000100000000)
  eden space 17920K, 100% used [0x00000000d5580000,0x00000000d6700000,0x00000000d6700000)
  from space 1024K, 78% used [0x00000000d6b00000,0x00000000d6bc8000,0x00000000d6c00000)
  to   space 1024K, 0% used [0x00000000d6c00000,0x00000000d6c00000,0x00000000d6d00000)
 ParOldGen       total 68608K, used 30178K [0x0000000080000000, 0x0000000084300000, 0x00000000d5580000)
  object space 68608K, 43% used [0x0000000080000000,0x0000000081d78bf0,0x0000000084300000)
 Metaspace       used 42006K, committed 43008K, reserved 1114112K
  class space    used 4240K, committed 4672K, reserved 1048576K
}
Event: 5.746 GC heap after
{Heap after GC invocations=24 (full 2):
 PSYoungGen      total 18944K, used 1000K [0x00000000d5580000, 0x00000000d6d00000, 0x0000000100000000)
  eden space 17920K, 0% used [0x00000000d5580000,0x00000000d5580000,0x00000000d6700000)
  from space 1024K, 97% used [0x00000000d6c00000,0x00000000d6cfa300,0x00000000d6d00000)
  to   space 2048K, 0% used [0x00000000d6900000,0x00000000d6900000,0x00000000d6b00000)
 ParOldGen       total 68608K, used 31018K [0x0000000080000000, 0x0000000084300000, 0x00000000d5580000)
  object space 68608K, 45% used [0x0000000080000000,0x0000000081e4a980,0x0000000084300000)
 Metaspace       used 42006K, committed 43008K, reserved 1114112K
  class space    used 4240K, committed 4672K, reserved 1048576K
}

