# JRE version: OpenJDK Runtime Environment Temurin-21.0.8+9 (21.0.8+9) (build 21.0.8+9-LTS)
# Java VM: OpenJDK 64-Bit Server VM Temurin-21.0.8+9 (21.0.8+9-LTS, mixed mode, sharing, tiered, compressed oops, compressed class ptrs, parallel gc, windows-amd64)
GC Precious Log:
 CardTable entry size: 512
 CPUs: 12 total, 12 available
 Memory: 16181M
 Large Page Support: Disabled
 NUMA Support: Disabled
 Compressed Oops: Enabled (32-bit)
 Alignments: Space 512K, Generation 512K, Heap 2M
 Heap Min Capacity: 100M
 Heap Initial Capacity: 100M
 Heap Max Capacity: 2G
 Pre-touch: Disabled
 Parallel Workers: 10
Heap:
 PSYoungGen      total 20480K, used 3966K [0x00000000d5580000, 0x00000000d6b00000, 0x0000000100000000)
  eden space 19968K, 17% used [0x00000000d5580000,0x00000000d58e7b28,0x00000000d6900000)
  from space 512K, 93% used [0x00000000d6a80000,0x00000000d6af8020,0x00000000d6b00000)
  to   space 1024K, 0% used [0x00000000d6900000,0x00000000d6900000,0x00000000d6a00000)
 ParOldGen       total 68608K, used 55382K [0x0000000080000000, 0x0000000084300000, 0x00000000d5580000)
  object space 68608K, 80% used [0x0000000080000000,0x0000000083615938,0x0000000084300000)
 Metaspace       used 72122K, committed 73856K, reserved 1114112K
  class space    used 7695K, committed 8448K, reserved 1048576K
GC Heap History (20 events):
Event: 15.649 GC heap before
{Heap before GC invocations=44 (full 3):
 PSYoungGen      total 21504K, used 21130K [0x00000000d5580000, 0x00000000d6d80000, 0x0000000100000000)
  eden space 19968K, 100% used [0x00000000d5580000,0x00000000d6900000,0x00000000d6900000)
  from space 1536K, 75% used [0x00000000d6c00000,0x00000000d6d22870,0x00000000d6d80000)
  to   space 2048K, 0% used [0x00000000d6980000,0x00000000d6980000,0x00000000d6b80000)
 ParOldGen       total 68608K, used 50015K [0x0000000080000000, 0x0000000084300000, 0x00000000d5580000)
  object space 68608K, 72% used [0x0000000080000000,0x00000000830d7c80,0x0000000084300000)
 Metaspace       used 68510K, committed 70144K, reserved 1114112K
  class space    used 7381K, committed 8064K, reserved 1048576K
}
Event: 15.650 GC heap after
{Heap after GC invocations=44 (full 3):
 PSYoungGen      total 20992K, used 832K [0x00000000d5580000, 0x00000000d6c80000, 0x0000000100000000)
  eden space 19968K, 0% used [0x00000000d5580000,0x00000000d5580000,0x00000000d6900000)
  from space 1024K, 81% used [0x00000000d6980000,0x00000000d6a50000,0x00000000d6a80000)
  to   space 1536K, 0% used [0x00000000d6b00000,0x00000000d6b00000,0x00000000d6c80000)
 ParOldGen       total 68608K, used 51225K [0x0000000080000000, 0x0000000084300000, 0x00000000d5580000)
  object space 68608K, 74% used [0x0000000080000000,0x0000000083206780,0x0000000084300000)
 Metaspace       used 68510K, committed 70144K, reserved 1114112K
  class space    used 7381K, committed 8064K, reserved 1048576K
}
Event: 17.067 GC heap before
{Heap before GC invocations=45 (full 3):
 PSYoungGen      total 20992K, used 20800K [0x00000000d5580000, 0x00000000d6c80000, 0x0000000100000000)
  eden space 19968K, 100% used [0x00000000d5580000,0x00000000d6900000,0x00000000d6900000)
  from space 1024K, 81% used [0x00000000d6980000,0x00000000d6a50000,0x00000000d6a80000)
  to   space 1536K, 0% used [0x00000000d6b00000,0x00000000d6b00000,0x00000000d6c80000)
 ParOldGen       total 68608K, used 51225K [0x0000000080000000, 0x0000000084300000, 0x00000000d5580000)
  object space 68608K, 74% used [0x0000000080000000,0x0000000083206780,0x0000000084300000)
 Metaspace       used 68878K, committed 70528K, reserved 1114112K
  class space    used 7397K, committed 8128K, reserved 1048576K
}
Event: 17.068 GC heap after
{Heap after GC invocations=45 (full 3):
 PSYoungGen      total 20992K, used 912K [0x00000000d5580000, 0x00000000d6c00000, 0x0000000100000000)
  eden space 19968K, 0% used [0x00000000d5580000,0x00000000d5580000,0x00000000d6900000)
  from space 1024K, 89% used [0x00000000d6b00000,0x00000000d6be4010,0x00000000d6c00000)
  to   space 1024K, 0% used [0x00000000d6980000,0x00000000d6980000,0x00000000d6a80000)
 ParOldGen       total 68608K, used 51776K [0x0000000080000000, 0x0000000084300000, 0x00000000d5580000)
  object space 68608K, 75% used [0x0000000080000000,0x00000000832902e0,0x0000000084300000)
 Metaspace       used 68878K, committed 70528K, reserved 1114112K
  class space    used 7397K, committed 8128K, reserved 1048576K
}
Event: 19.884 GC heap before
{Heap before GC invocations=46 (full 3):
 PSYoungGen      total 20992K, used 20876K [0x00000000d5580000, 0x00000000d6c00000, 0x0000000100000000)
  eden space 19968K, 99% used [0x00000000d5580000,0x00000000d68ff1e8,0x00000000d6900000)
  from space 1024K, 89% used [0x00000000d6b00000,0x00000000d6be4010,0x00000000d6c00000)
  to   space 1024K, 0% used [0x00000000d6980000,0x00000000d6980000,0x00000000d6a80000)
 ParOldGen       total 68608K, used 51776K [0x0000000080000000, 0x0000000084300000, 0x00000000d5580000)
  object space 68608K, 75% used [0x0000000080000000,0x00000000832902e0,0x0000000084300000)
 Metaspace       used 69607K, committed 71232K, reserved 1114112K
  class space    used 7449K, committed 8128K, reserved 1048576K
}
Event: 19.886 GC heap after
{Heap after GC invocations=46 (full 3):
 PSYoungGen      total 20992K, used 1024K [0x00000000d5580000, 0x00000000d6c00000, 0x0000000100000000)
  eden space 19968K, 0% used [0x00000000d5580000,0x00000000d5580000,0x00000000d6900000)
  from space 1024K, 100% used [0x00000000d6980000,0x00000000d6a80000,0x00000000d6a80000)
  to   space 1536K, 0% used [0x00000000d6a80000,0x00000000d6a80000,0x00000000d6c00000)
 ParOldGen       total 68608K, used 51880K [0x0000000080000000, 0x0000000084300000, 0x00000000d5580000)
  object space 68608K, 75% used [0x0000000080000000,0x00000000832aa2e0,0x0000000084300000)
 Metaspace       used 69607K, committed 71232K, reserved 1114112K
  class space    used 7449K, committed 8128K, reserved 1048576K
}
Event: 23.715 GC heap before
{Heap before GC invocations=47 (full 3):
 PSYoungGen      total 20992K, used 20992K [0x00000000d5580000, 0x00000000d6c00000, 0x0000000100000000)
  eden space 19968K, 100% used [0x00000000d5580000,0x00000000d6900000,0x00000000d6900000)
  from space 1024K, 100% used [0x00000000d6980000,0x00000000d6a80000,0x00000000d6a80000)
  to   space 1536K, 0% used [0x00000000d6a80000,0x00000000d6a80000,0x00000000d6c00000)
 ParOldGen       total 68608K, used 51880K [0x0000000080000000, 0x0000000084300000, 0x00000000d5580000)
  object space 68608K, 75% used [0x0000000080000000,0x00000000832aa2e0,0x0000000084300000)
 Metaspace       used 69997K, committed 71680K, reserved 1114112K
  class space    used 7468K, committed 8192K, reserved 1048576K
}
Event: 23.718 GC heap after
{Heap after GC invocations=47 (full 3):
 PSYoungGen      total 20992K, used 768K [0x00000000d5580000, 0x00000000d6b80000, 0x0000000100000000)
  eden space 19968K, 0% used [0x00000000d5580000,0x00000000d5580000,0x00000000d6900000)
  from space 1024K, 75% used [0x00000000d6a80000,0x00000000d6b40000,0x00000000d6b80000)
  to   space 1024K, 0% used [0x00000000d6980000,0x00000000d6980000,0x00000000d6a80000)
 ParOldGen       total 68608K, used 52854K [0x0000000080000000, 0x0000000084300000, 0x00000000d5580000)
  object space 68608K, 77% used [0x0000000080000000,0x000000008339d8f0,0x0000000084300000)
 Metaspace       used 69997K, committed 71680K, reserved 1114112K
  class space    used 7468K, committed 8192K, reserved 1048576K
}
Event: 27.233 GC heap before
{Heap before GC invocations=48 (full 3):
 PSYoungGen      total 20992K, used 20736K [0x00000000d5580000, 0x00000000d6b80000, 0x0000000100000000)
  eden space 19968K, 100% used [0x00000000d5580000,0x00000000d6900000,0x00000000d6900000)
  from space 1024K, 75% used [0x00000000d6a80000,0x00000000d6b40000,0x00000000d6b80000)
  to   space 1024K, 0% used [0x00000000d6980000,0x00000000d6980000,0x00000000d6a80000)
 ParOldGen       total 68608K, used 52854K [0x0000000080000000, 0x0000000084300000, 0x00000000d5580000)
  object space 68608K, 77% used [0x0000000080000000,0x000000008339d8f0,0x0000000084300000)
 Metaspace       used 70233K, committed 71872K, reserved 1114112K
  class space    used 7485K, committed 8192K, reserved 1048576K
}
Event: 27.234 GC heap after
{Heap after GC invocations=48 (full 3):
 PSYoungGen      total 20992K, used 752K [0x00000000d5580000, 0x00000000d6b00000, 0x0000000100000000)
  eden space 19968K, 0% used [0x00000000d5580000,0x00000000d5580000,0x00000000d6900000)
  from space 1024K, 73% used [0x00000000d6980000,0x00000000d6a3c010,0x00000000d6a80000)
  to   space 512K, 0% used [0x00000000d6a80000,0x00000000d6a80000,0x00000000d6b00000)
 ParOldGen       total 68608K, used 52926K [0x0000000080000000, 0x0000000084300000, 0x00000000d5580000)
  object space 68608K, 77% used [0x0000000080000000,0x00000000833af8f0,0x0000000084300000)
 Metaspace       used 70233K, committed 71872K, reserved 1114112K
  class space    used 7485K, committed 8192K, reserved 1048576K
}
Event: 29.499 GC heap before
{Heap before GC invocations=49 (full 3):
 PSYoungGen      total 20992K, used 20720K [0x00000000d5580000, 0x00000000d6b00000, 0x0000000100000000)
  eden space 19968K, 100% used [0x00000000d5580000,0x00000000d6900000,0x00000000d6900000)
  from space 1024K, 73% used [0x00000000d6980000,0x00000000d6a3c010,0x00000000d6a80000)
  to   space 512K, 0% used [0x00000000d6a80000,0x00000000d6a80000,0x00000000d6b00000)
 ParOldGen       total 68608K, used 52926K [0x0000000080000000, 0x0000000084300000, 0x00000000d5580000)
  object space 68608K, 77% used [0x0000000080000000,0x00000000833af8f0,0x0000000084300000)
 Metaspace       used 70363K, committed 72000K, reserved 1114112K
  class space    used 7491K, committed 8192K, reserved 1048576K
}
Event: 29.500 GC heap after
{Heap after GC invocations=49 (full 3):
 PSYoungGen      total 20480K, used 512K [0x00000000d5580000, 0x00000000d6c00000, 0x0000000100000000)
  eden space 19968K, 0% used [0x00000000d5580000,0x00000000d5580000,0x00000000d6900000)
  from space 512K, 100% used [0x00000000d6a80000,0x00000000d6b00000,0x00000000d6b00000)
  to   space 1536K, 0% used [0x00000000d6900000,0x00000000d6900000,0x00000000d6a80000)
 ParOldGen       total 68608K, used 53553K [0x0000000080000000, 0x0000000084300000, 0x00000000d5580000)
  object space 68608K, 78% used [0x0000000080000000,0x000000008344c7e0,0x0000000084300000)
 Metaspace       used 70363K, committed 72000K, reserved 1114112K
  class space    used 7491K, committed 8192K, reserved 1048576K
}
Event: 31.139 GC heap before
{Heap before GC invocations=50 (full 3):
 PSYoungGen      total 20480K, used 20480K [0x00000000d5580000, 0x00000000d6c00000, 0x0000000100000000)
  eden space 19968K, 100% used [0x00000000d5580000,0x00000000d6900000,0x00000000d6900000)
  from space 512K, 100% used [0x00000000d6a80000,0x00000000d6b00000,0x00000000d6b00000)
  to   space 1536K, 0% used [0x00000000d6900000,0x00000000d6900000,0x00000000d6a80000)
 ParOldGen       total 68608K, used 53553K [0x0000000080000000, 0x0000000084300000, 0x00000000d5580000)
  object space 68608K, 78% used [0x0000000080000000,0x000000008344c7e0,0x0000000084300000)
 Metaspace       used 70758K, committed 72384K, reserved 1114112K
  class space    used 7522K, committed 8256K, reserved 1048576K
}
Event: 31.140 GC heap after
{Heap after GC invocations=50 (full 3):
 PSYoungGen      total 21504K, used 976K [0x00000000d5580000, 0x00000000d6c00000, 0x0000000100000000)
  eden space 19968K, 0% used [0x00000000d5580000,0x00000000d5580000,0x00000000d6900000)
  from space 1536K, 63% used [0x00000000d6900000,0x00000000d69f4010,0x00000000d6a80000)
  to   space 1536K, 0% used [0x00000000d6a80000,0x00000000d6a80000,0x00000000d6c00000)
 ParOldGen       total 68608K, used 54050K [0x0000000080000000, 0x0000000084300000, 0x00000000d5580000)
  object space 68608K, 78% used [0x0000000080000000,0x00000000834c8988,0x0000000084300000)
 Metaspace       used 70758K, committed 72384K, reserved 1114112K
  class space    used 7522K, committed 8256K, reserved 1048576K
}
Event: 33.847 GC heap before
{Heap before GC invocations=51 (full 3):
 PSYoungGen      total 21504K, used 20944K [0x00000000d5580000, 0x00000000d6c00000, 0x0000000100000000)
  eden space 19968K, 100% used [0x00000000d5580000,0x00000000d6900000,0x00000000d6900000)
  from space 1536K, 63% used [0x00000000d6900000,0x00000000d69f4010,0x00000000d6a80000)
  to   space 1536K, 0% used [0x00000000d6a80000,0x00000000d6a80000,0x00000000d6c00000)
 ParOldGen       total 68608K, used 54050K [0x0000000080000000, 0x0000000084300000, 0x00000000d5580000)
  object space 68608K, 78% used [0x0000000080000000,0x00000000834c8988,0x0000000084300000)
 Metaspace       used 71751K, committed 73408K, reserved 1114112K
  class space    used 7666K, committed 8384K, reserved 1048576K
}
Event: 33.847 GC heap after
{Heap after GC invocations=51 (full 3):
 PSYoungGen      total 20992K, used 784K [0x00000000d5580000, 0x00000000d6b80000, 0x0000000100000000)
  eden space 19968K, 0% used [0x00000000d5580000,0x00000000d5580000,0x00000000d6900000)
  from space 1024K, 76% used [0x00000000d6a80000,0x00000000d6b44010,0x00000000d6b80000)
  to   space 1024K, 0% used [0x00000000d6980000,0x00000000d6980000,0x00000000d6a80000)
 ParOldGen       total 68608K, used 54385K [0x0000000080000000, 0x0000000084300000, 0x00000000d5580000)
  object space 68608K, 79% used [0x0000000080000000,0x000000008351c708,0x0000000084300000)
 Metaspace       used 71751K, committed 73408K, reserved 1114112K
  class space    used 7666K, committed 8384K, reserved 1048576K
}
Event: 99.475 GC heap before
{Heap before GC invocations=52 (full 3):
 PSYoungGen      total 20992K, used 20752K [0x00000000d5580000, 0x00000000d6b80000, 0x0000000100000000)
  eden space 19968K, 100% used [0x00000000d5580000,0x00000000d6900000,0x00000000d6900000)
  from space 1024K, 76% used [0x00000000d6a80000,0x00000000d6b44010,0x00000000d6b80000)
  to   space 1024K, 0% used [0x00000000d6980000,0x00000000d6980000,0x00000000d6a80000)
 ParOldGen       total 68608K, used 54385K [0x0000000080000000, 0x0000000084300000, 0x00000000d5580000)
  object space 68608K, 79% used [0x0000000080000000,0x000000008351c708,0x0000000084300000)
 Metaspace       used 71952K, committed 73664K, reserved 1114112K
  class space    used 7686K, committed 8448K, reserved 1048576K
}
Event: 99.476 GC heap after
{Heap after GC invocations=52 (full 3):
 PSYoungGen      total 20992K, used 320K [0x00000000d5580000, 0x00000000d6b00000, 0x0000000100000000)
  eden space 19968K, 0% used [0x00000000d5580000,0x00000000d5580000,0x00000000d6900000)
  from space 1024K, 31% used [0x00000000d6980000,0x00000000d69d0000,0x00000000d6a80000)
  to   space 512K, 0% used [0x00000000d6a80000,0x00000000d6a80000,0x00000000d6b00000)
 ParOldGen       total 68608K, used 55035K [0x0000000080000000, 0x0000000084300000, 0x00000000d5580000)
  object space 68608K, 80% used [0x0000000080000000,0x00000000835beed8,0x0000000084300000)
 Metaspace       used 71952K, committed 73664K, reserved 1114112K
  class space    used 7686K, committed 8448K, reserved 1048576K
}
Event: 104.683 GC heap before
{Heap before GC invocations=53 (full 3):
 PSYoungGen      total 20992K, used 20288K [0x00000000d5580000, 0x00000000d6b00000, 0x0000000100000000)
  eden space 19968K, 100% used [0x00000000d5580000,0x00000000d6900000,0x00000000d6900000)
  from space 1024K, 31% used [0x00000000d6980000,0x00000000d69d0000,0x00000000d6a80000)
  to   space 512K, 0% used [0x00000000d6a80000,0x00000000d6a80000,0x00000000d6b00000)
 ParOldGen       total 68608K, used 55035K [0x0000000080000000, 0x0000000084300000, 0x00000000d5580000)
  object space 68608K, 80% used [0x0000000080000000,0x00000000835beed8,0x0000000084300000)
 Metaspace       used 72087K, committed 73792K, reserved 1114112K
  class space    used 7695K, committed 8448K, reserved 1048576K
}
Event: 105.682 GC heap after
{Heap after GC invocations=53 (full 3):
 PSYoungGen      total 20480K, used 480K [0x00000000d5580000, 0x00000000d6b00000, 0x0000000100000000)
  eden space 19968K, 0% used [0x00000000d5580000,0x00000000d5580000,0x00000000d6900000)
  from space 512K, 93% used [0x00000000d6a80000,0x00000000d6af8020,0x00000000d6b00000)
  to   space 1024K, 0% used [0x00000000d6900000,0x00000000d6900000,0x00000000d6a00000)
 ParOldGen       total 68608K, used 55382K [0x0000000080000000, 0x0000000084300000, 0x00000000d5580000)
  object space 68608K, 80% used [0x0000000080000000,0x0000000083615938,0x0000000084300000)
 Metaspace       used 72087K, committed 73792K, reserved 1114112K
  class space    used 7695K, committed 8448K, reserved 1048576K
}

