# JRE version: OpenJDK Runtime Environment Temurin-21.0.8+9 (21.0.8+9) (build 21.0.8+9-LTS)
# Java VM: OpenJDK 64-Bit Server VM Temurin-21.0.8+9 (21.0.8+9-LTS, mixed mode, sharing, tiered, compressed oops, compressed class ptrs, parallel gc, windows-amd64)
GC Precious Log:
 CardTable entry size: 512
 CPUs: 12 total, 12 available
 Memory: 16181M
 Large Page Support: Disabled
 NUMA Support: Disabled
 Compressed Oops: Enabled (32-bit)
 Alignments: Space 512K, Generation 512K, Heap 2M
 Heap Min Capacity: 100M
 Heap Initial Capacity: 100M
 Heap Max Capacity: 2G
 Pre-touch: Disabled
 Parallel Workers: 10
Heap:
 PSYoungGen      total 19456K, used 7882K [0x00000000d5580000, 0x00000000d6d80000, 0x0000000100000000)
  eden space 18432K, 38% used [0x00000000d5580000,0x00000000d5c5a950,0x00000000d6780000)
  from space 1024K, 84% used [0x00000000d6c80000,0x00000000d6d58000,0x00000000d6d80000)
  to   space 1024K, 0% used [0x00000000d6b80000,0x00000000d6b80000,0x00000000d6c80000)
 ParOldGen       total 68608K, used 31767K [0x0000000080000000, 0x0000000084300000, 0x00000000d5580000)
  object space 68608K, 46% used [0x0000000080000000,0x0000000081f05d38,0x0000000084300000)
 Metaspace       used 41052K, committed 41984K, reserved 1114112K
  class space    used 4180K, committed 4608K, reserved 1048576K
GC Heap History (20 events):
Event: 2.838 GC heap before
{Heap before GC invocations=15 (full 1):
 PSYoungGen      total 24576K, used 24164K [0x00000000d5580000, 0x00000000d7180000, 0x0000000100000000)
  eden space 21504K, 100% used [0x00000000d5580000,0x00000000d6a80000,0x00000000d6a80000)
  from space 3072K, 86% used [0x00000000d6a80000,0x00000000d6d19000,0x00000000d6d80000)
  to   space 3584K, 0% used [0x00000000d6e00000,0x00000000d6e00000,0x00000000d7180000)
 ParOldGen       total 68608K, used 20438K [0x0000000080000000, 0x0000000084300000, 0x00000000d5580000)
  object space 68608K, 29% used [0x0000000080000000,0x00000000813f5990,0x0000000084300000)
 Metaspace       used 32353K, committed 33408K, reserved 1114112K
  class space    used 3305K, committed 3776K, reserved 1048576K
}
Event: 2.840 GC heap after
{Heap after GC invocations=15 (full 1):
 PSYoungGen      total 24064K, used 2304K [0x00000000d5580000, 0x00000000d7080000, 0x0000000100000000)
  eden space 21504K, 0% used [0x00000000d5580000,0x00000000d5580000,0x00000000d6a80000)
  from space 2560K, 90% used [0x00000000d6e00000,0x00000000d7040000,0x00000000d7080000)
  to   space 3072K, 0% used [0x00000000d6a80000,0x00000000d6a80000,0x00000000d6d80000)
 ParOldGen       total 68608K, used 23000K [0x0000000080000000, 0x0000000084300000, 0x00000000d5580000)
  object space 68608K, 33% used [0x0000000080000000,0x0000000081676318,0x0000000084300000)
 Metaspace       used 32353K, committed 33408K, reserved 1114112K
  class space    used 3305K, committed 3776K, reserved 1048576K
}
Event: 2.882 GC heap before
{Heap before GC invocations=16 (full 1):
 PSYoungGen      total 24064K, used 23808K [0x00000000d5580000, 0x00000000d7080000, 0x0000000100000000)
  eden space 21504K, 100% used [0x00000000d5580000,0x00000000d6a80000,0x00000000d6a80000)
  from space 2560K, 90% used [0x00000000d6e00000,0x00000000d7040000,0x00000000d7080000)
  to   space 3072K, 0% used [0x00000000d6a80000,0x00000000d6a80000,0x00000000d6d80000)
 ParOldGen       total 68608K, used 23000K [0x0000000080000000, 0x0000000084300000, 0x00000000d5580000)
  object space 68608K, 33% used [0x0000000080000000,0x0000000081676318,0x0000000084300000)
 Metaspace       used 32457K, committed 33472K, reserved 1114112K
  class space    used 3305K, committed 3776K, reserved 1048576K
}
Event: 2.885 GC heap after
{Heap after GC invocations=16 (full 1):
 PSYoungGen      total 24576K, used 2520K [0x00000000d5580000, 0x00000000d7080000, 0x0000000100000000)
  eden space 21504K, 0% used [0x00000000d5580000,0x00000000d5580000,0x00000000d6a80000)
  from space 3072K, 82% used [0x00000000d6a80000,0x00000000d6cf6210,0x00000000d6d80000)
  to   space 3072K, 0% used [0x00000000d6d80000,0x00000000d6d80000,0x00000000d7080000)
 ParOldGen       total 68608K, used 25200K [0x0000000080000000, 0x0000000084300000, 0x00000000d5580000)
  object space 68608K, 36% used [0x0000000080000000,0x000000008189c318,0x0000000084300000)
 Metaspace       used 32457K, committed 33472K, reserved 1114112K
  class space    used 3305K, committed 3776K, reserved 1048576K
}
Event: 2.987 GC heap before
{Heap before GC invocations=17 (full 1):
 PSYoungGen      total 24576K, used 24024K [0x00000000d5580000, 0x00000000d7080000, 0x0000000100000000)
  eden space 21504K, 100% used [0x00000000d5580000,0x00000000d6a80000,0x00000000d6a80000)
  from space 3072K, 82% used [0x00000000d6a80000,0x00000000d6cf6210,0x00000000d6d80000)
  to   space 3072K, 0% used [0x00000000d6d80000,0x00000000d6d80000,0x00000000d7080000)
 ParOldGen       total 68608K, used 25200K [0x0000000080000000, 0x0000000084300000, 0x00000000d5580000)
  object space 68608K, 36% used [0x0000000080000000,0x000000008189c318,0x0000000084300000)
 Metaspace       used 33056K, committed 34112K, reserved 1114112K
  class space    used 3353K, committed 3840K, reserved 1048576K
}
Event: 2.989 GC heap after
{Heap after GC invocations=17 (full 1):
 PSYoungGen      total 21504K, used 3048K [0x00000000d5580000, 0x00000000d7680000, 0x0000000100000000)
  eden space 18432K, 0% used [0x00000000d5580000,0x00000000d5580000,0x00000000d6780000)
  from space 3072K, 99% used [0x00000000d6d80000,0x00000000d707a000,0x00000000d7080000)
  to   space 6144K, 0% used [0x00000000d6780000,0x00000000d6780000,0x00000000d6d80000)
 ParOldGen       total 68608K, used 27625K [0x0000000080000000, 0x0000000084300000, 0x00000000d5580000)
  object space 68608K, 40% used [0x0000000080000000,0x0000000081afa528,0x0000000084300000)
 Metaspace       used 33056K, committed 34112K, reserved 1114112K
  class space    used 3353K, committed 3840K, reserved 1048576K
}
Event: 3.173 GC heap before
{Heap before GC invocations=18 (full 1):
 PSYoungGen      total 21504K, used 17588K [0x00000000d5580000, 0x00000000d7680000, 0x0000000100000000)
  eden space 18432K, 78% used [0x00000000d5580000,0x00000000d63b3110,0x00000000d6780000)
  from space 3072K, 99% used [0x00000000d6d80000,0x00000000d707a000,0x00000000d7080000)
  to   space 6144K, 0% used [0x00000000d6780000,0x00000000d6780000,0x00000000d6d80000)
 ParOldGen       total 68608K, used 27625K [0x0000000080000000, 0x0000000084300000, 0x00000000d5580000)
  object space 68608K, 40% used [0x0000000080000000,0x0000000081afa528,0x0000000084300000)
 Metaspace       used 34792K, committed 35840K, reserved 1114112K
  class space    used 3541K, committed 4032K, reserved 1048576K
}
Event: 3.175 GC heap after
{Heap after GC invocations=18 (full 1):
 PSYoungGen      total 24576K, used 1477K [0x00000000d5580000, 0x00000000d7080000, 0x0000000100000000)
  eden space 18432K, 0% used [0x00000000d5580000,0x00000000d5580000,0x00000000d6780000)
  from space 6144K, 24% used [0x00000000d6780000,0x00000000d68f1568,0x00000000d6d80000)
  to   space 3072K, 0% used [0x00000000d6d80000,0x00000000d6d80000,0x00000000d7080000)
 ParOldGen       total 68608K, used 30642K [0x0000000080000000, 0x0000000084300000, 0x00000000d5580000)
  object space 68608K, 44% used [0x0000000080000000,0x0000000081decb98,0x0000000084300000)
 Metaspace       used 34792K, committed 35840K, reserved 1114112K
  class space    used 3541K, committed 4032K, reserved 1048576K
}
Event: 3.175 GC heap before
{Heap before GC invocations=19 (full 2):
 PSYoungGen      total 24576K, used 1477K [0x00000000d5580000, 0x00000000d7080000, 0x0000000100000000)
  eden space 18432K, 0% used [0x00000000d5580000,0x00000000d5580000,0x00000000d6780000)
  from space 6144K, 24% used [0x00000000d6780000,0x00000000d68f1568,0x00000000d6d80000)
  to   space 3072K, 0% used [0x00000000d6d80000,0x00000000d6d80000,0x00000000d7080000)
 ParOldGen       total 68608K, used 30642K [0x0000000080000000, 0x0000000084300000, 0x00000000d5580000)
  object space 68608K, 44% used [0x0000000080000000,0x0000000081decb98,0x0000000084300000)
 Metaspace       used 34792K, committed 35840K, reserved 1114112K
  class space    used 3541K, committed 4032K, reserved 1048576K
}
Event: 3.204 GC heap after
{Heap after GC invocations=19 (full 2):
 PSYoungGen      total 24576K, used 0K [0x00000000d5580000, 0x00000000d7080000, 0x0000000100000000)
  eden space 18432K, 0% used [0x00000000d5580000,0x00000000d5580000,0x00000000d6780000)
  from space 6144K, 0% used [0x00000000d6780000,0x00000000d6780000,0x00000000d6d80000)
  to   space 3072K, 0% used [0x00000000d6d80000,0x00000000d6d80000,0x00000000d7080000)
 ParOldGen       total 68608K, used 29923K [0x0000000080000000, 0x0000000084300000, 0x00000000d5580000)
  object space 68608K, 43% used [0x0000000080000000,0x0000000081d38f58,0x0000000084300000)
 Metaspace       used 34670K, committed 35840K, reserved 1114112K
  class space    used 3506K, committed 4032K, reserved 1048576K
}
Event: 3.369 GC heap before
{Heap before GC invocations=20 (full 2):
 PSYoungGen      total 24576K, used 18384K [0x00000000d5580000, 0x00000000d7080000, 0x0000000100000000)
  eden space 18432K, 99% used [0x00000000d5580000,0x00000000d6774340,0x00000000d6780000)
  from space 6144K, 0% used [0x00000000d6780000,0x00000000d6780000,0x00000000d6d80000)
  to   space 3072K, 0% used [0x00000000d6d80000,0x00000000d6d80000,0x00000000d7080000)
 ParOldGen       total 68608K, used 29923K [0x0000000080000000, 0x0000000084300000, 0x00000000d5580000)
  object space 68608K, 43% used [0x0000000080000000,0x0000000081d38f58,0x0000000084300000)
 Metaspace       used 35452K, committed 36352K, reserved 1114112K
  class space    used 3629K, committed 4032K, reserved 1048576K
}
Event: 3.369 GC heap after
{Heap after GC invocations=20 (full 2):
 PSYoungGen      total 18944K, used 352K [0x00000000d5580000, 0x00000000d6e00000, 0x0000000100000000)
  eden space 18432K, 0% used [0x00000000d5580000,0x00000000d5580000,0x00000000d6780000)
  from space 512K, 68% used [0x00000000d6d80000,0x00000000d6dd8000,0x00000000d6e00000)
  to   space 1024K, 0% used [0x00000000d6c00000,0x00000000d6c00000,0x00000000d6d00000)
 ParOldGen       total 68608K, used 29931K [0x0000000080000000, 0x0000000084300000, 0x00000000d5580000)
  object space 68608K, 43% used [0x0000000080000000,0x0000000081d3af58,0x0000000084300000)
 Metaspace       used 35452K, committed 36352K, reserved 1114112K
  class space    used 3629K, committed 4032K, reserved 1048576K
}
Event: 3.473 GC heap before
{Heap before GC invocations=21 (full 2):
 PSYoungGen      total 18944K, used 18650K [0x00000000d5580000, 0x00000000d6e00000, 0x0000000100000000)
  eden space 18432K, 99% used [0x00000000d5580000,0x00000000d675e8f8,0x00000000d6780000)
  from space 512K, 68% used [0x00000000d6d80000,0x00000000d6dd8000,0x00000000d6e00000)
  to   space 1024K, 0% used [0x00000000d6c00000,0x00000000d6c00000,0x00000000d6d00000)
 ParOldGen       total 68608K, used 29931K [0x0000000080000000, 0x0000000084300000, 0x00000000d5580000)
  object space 68608K, 43% used [0x0000000080000000,0x0000000081d3af58,0x0000000084300000)
 Metaspace       used 36756K, committed 37760K, reserved 1114112K
  class space    used 3731K, committed 4160K, reserved 1048576K
}
Event: 3.475 GC heap after
{Heap after GC invocations=21 (full 2):
 PSYoungGen      total 19456K, used 1020K [0x00000000d5580000, 0x00000000d6e00000, 0x0000000100000000)
  eden space 18432K, 0% used [0x00000000d5580000,0x00000000d5580000,0x00000000d6780000)
  from space 1024K, 99% used [0x00000000d6c00000,0x00000000d6cff350,0x00000000d6d00000)
  to   space 1024K, 0% used [0x00000000d6d00000,0x00000000d6d00000,0x00000000d6e00000)
 ParOldGen       total 68608K, used 30650K [0x0000000080000000, 0x0000000084300000, 0x00000000d5580000)
  object space 68608K, 44% used [0x0000000080000000,0x0000000081deead0,0x0000000084300000)
 Metaspace       used 36756K, committed 37760K, reserved 1114112K
  class space    used 3731K, committed 4160K, reserved 1048576K
}
Event: 3.506 GC heap before
{Heap before GC invocations=22 (full 2):
 PSYoungGen      total 19456K, used 19452K [0x00000000d5580000, 0x00000000d6e00000, 0x0000000100000000)
  eden space 18432K, 100% used [0x00000000d5580000,0x00000000d6780000,0x00000000d6780000)
  from space 1024K, 99% used [0x00000000d6c00000,0x00000000d6cff350,0x00000000d6d00000)
  to   space 1024K, 0% used [0x00000000d6d00000,0x00000000d6d00000,0x00000000d6e00000)
 ParOldGen       total 68608K, used 30650K [0x0000000080000000, 0x0000000084300000, 0x00000000d5580000)
  object space 68608K, 44% used [0x0000000080000000,0x0000000081deead0,0x0000000084300000)
 Metaspace       used 36783K, committed 37824K, reserved 1114112K
  class space    used 3731K, committed 4160K, reserved 1048576K
}
Event: 3.506 GC heap after
{Heap after GC invocations=22 (full 2):
 PSYoungGen      total 19456K, used 726K [0x00000000d5580000, 0x00000000d6e00000, 0x0000000100000000)
  eden space 18432K, 0% used [0x00000000d5580000,0x00000000d5580000,0x00000000d6780000)
  from space 1024K, 70% used [0x00000000d6d00000,0x00000000d6db5a80,0x00000000d6e00000)
  to   space 1536K, 0% used [0x00000000d6b00000,0x00000000d6b00000,0x00000000d6c80000)
 ParOldGen       total 68608K, used 31527K [0x0000000080000000, 0x0000000084300000, 0x00000000d5580000)
  object space 68608K, 45% used [0x0000000080000000,0x0000000081ec9d38,0x0000000084300000)
 Metaspace       used 36783K, committed 37824K, reserved 1114112K
  class space    used 3731K, committed 4160K, reserved 1048576K
}
Event: 3.609 GC heap before
{Heap before GC invocations=23 (full 2):
 PSYoungGen      total 19456K, used 19158K [0x00000000d5580000, 0x00000000d6e00000, 0x0000000100000000)
  eden space 18432K, 100% used [0x00000000d5580000,0x00000000d6780000,0x00000000d6780000)
  from space 1024K, 70% used [0x00000000d6d00000,0x00000000d6db5a80,0x00000000d6e00000)
  to   space 1536K, 0% used [0x00000000d6b00000,0x00000000d6b00000,0x00000000d6c80000)
 ParOldGen       total 68608K, used 31527K [0x0000000080000000, 0x0000000084300000, 0x00000000d5580000)
  object space 68608K, 45% used [0x0000000080000000,0x0000000081ec9d38,0x0000000084300000)
 Metaspace       used 38188K, committed 39168K, reserved 1114112K
  class space    used 3857K, committed 4288K, reserved 1048576K
}
Event: 3.609 GC heap after
{Heap after GC invocations=23 (full 2):
 PSYoungGen      total 19968K, used 544K [0x00000000d5580000, 0x00000000d6d80000, 0x0000000100000000)
  eden space 18432K, 0% used [0x00000000d5580000,0x00000000d5580000,0x00000000d6780000)
  from space 1536K, 35% used [0x00000000d6b00000,0x00000000d6b88020,0x00000000d6c80000)
  to   space 1024K, 0% used [0x00000000d6c80000,0x00000000d6c80000,0x00000000d6d80000)
 ParOldGen       total 68608K, used 31559K [0x0000000080000000, 0x0000000084300000, 0x00000000d5580000)
  object space 68608K, 45% used [0x0000000080000000,0x0000000081ed1d38,0x0000000084300000)
 Metaspace       used 38188K, committed 39168K, reserved 1114112K
  class space    used 3857K, committed 4288K, reserved 1048576K
}
Event: 3.789 GC heap before
{Heap before GC invocations=24 (full 2):
 PSYoungGen      total 19968K, used 18976K [0x00000000d5580000, 0x00000000d6d80000, 0x0000000100000000)
  eden space 18432K, 100% used [0x00000000d5580000,0x00000000d6780000,0x00000000d6780000)
  from space 1536K, 35% used [0x00000000d6b00000,0x00000000d6b88020,0x00000000d6c80000)
  to   space 1024K, 0% used [0x00000000d6c80000,0x00000000d6c80000,0x00000000d6d80000)
 ParOldGen       total 68608K, used 31559K [0x0000000080000000, 0x0000000084300000, 0x00000000d5580000)
  object space 68608K, 45% used [0x0000000080000000,0x0000000081ed1d38,0x0000000084300000)
 Metaspace       used 40387K, committed 41344K, reserved 1114112K
  class space    used 4109K, committed 4544K, reserved 1048576K
}
Event: 3.790 GC heap after
{Heap after GC invocations=24 (full 2):
 PSYoungGen      total 19456K, used 864K [0x00000000d5580000, 0x00000000d6d80000, 0x0000000100000000)
  eden space 18432K, 0% used [0x00000000d5580000,0x00000000d5580000,0x00000000d6780000)
  from space 1024K, 84% used [0x00000000d6c80000,0x00000000d6d58000,0x00000000d6d80000)
  to   space 1024K, 0% used [0x00000000d6b80000,0x00000000d6b80000,0x00000000d6c80000)
 ParOldGen       total 68608K, used 31767K [0x0000000080000000, 0x0000000084300000, 0x00000000d5580000)
  object space 68608K, 46% used [0x0000000080000000,0x0000000081f05d38,0x0000000084300000)
 Metaspace       used 40387K, committed 41344K, reserved 1114112K
  class space    used 4109K, committed 4544K, reserved 1048576K
}

